2017-10-29 07:21:20 










2017-10-29 07:21:20 ...  07:21:20.248|  Opened state DB.
2017-10-29 07:21:20 ...  07:21:20.276|  Opened state DB.
2017-10-29 07:34:44   ✘  07:34:44.332|  VM exception: BadJumpDestination
2017-10-29 07:34:44 Address : 0000000000000000000000000000000000000081
2017-10-29 07:34:44 Address : 0000000000000000000000000000000000000081
2017-10-29 07:34:44 Address : 0000000000000000000000000000000000000082
2017-10-29 07:34:44 Address : 0000000000000000000000000000000000000083
2017-10-29 07:34:44 Address : 0000000000000000000000000000000000000084
2017-10-29 07:34:44 Address : 0000000000000000000000000000000000000080
2017-10-29 07:36:48   ✘  07:36:48.409|  VM exception: OutOfGas
2017-10-29 07:36:48 Address : 277719f82ed649c5d9cdd8698b5107b827543e04
2017-10-29 07:37:50 Address : 277719f82ed649c5d9cdd8698b5107b827543e04
2017-10-29 07:37:50 Address : 277719f82ed649c5d9cdd8698b5107b827543e04
2017-10-29 07:37:56 Address : fbb3be981b61eee7f4c7cefcf02c97056323117c
2017-10-29 07:37:56 Address : fbb3be981b61eee7f4c7cefcf02c97056323117c
2017-10-29 07:37:56 Address : fbb3be981b61eee7f4c7cefcf02c97056323117c
2017-10-29 07:37:56 Address : fbb3be981b61eee7f4c7cefcf02c97056323117c
2017-10-29 07:38:28 Address : fbb3be981b61eee7f4c7cefcf02c97056323117c
2017-10-29 07:38:28 Address : fbb3be981b61eee7f4c7cefcf02c97056323117c
2017-10-29 07:38:28 Address : fbb3be981b61eee7f4c7cefcf02c97056323117c
2017-10-29 07:38:28 Address : fbb3be981b61eee7f4c7cefcf02c97056323117c
2017-10-29 07:38:28 Address : fbb3be981b61eee7f4c7cefcf02c97056323117c
2017-10-29 07:38:34   ✘  07:38:34.264|  Not enough gas to pay for the transaction: Require > 357016  Got 25000
2017-10-29 07:38:34   ✘  07:38:34.264|  VM exception: OutOfGasBase
2017-10-29 07:38:59 Address : 8967bae43747688f7fb4ad0d5c12912938283e15
2017-10-29 07:38:59   ✘  07:38:59.913|  VM exception: OutOfGas
2017-10-29 07:38:59 Address : 8967bae43747688f7fb4ad0d5c12912938283e15
2017-10-29 07:38:59 Address : 8967bae43747688f7fb4ad0d5c12912938283e15
2017-10-29 07:39:00 Address : 8967bae43747688f7fb4ad0d5c12912938283e15
2017-10-29 07:39:00 Address : 8967bae43747688f7fb4ad0d5c12912938283e15
2017-10-29 07:39:05 Address : fbb3be981b61eee7f4c7cefcf02c97056323117c
2017-10-29 07:39:05 Address : fbb3be981b61eee7f4c7cefcf02c97056323117c
2017-10-29 07:39:05 Address : fbb3be981b61eee7f4c7cefcf02c97056323117c
2017-10-29 07:39:05 Address : fbb3be981b61eee7f4c7cefcf02c97056323117c
2017-10-29 07:39:05 Address : fbb3be981b61eee7f4c7cefcf02c97056323117c
2017-10-29 07:39:06 Address : fbb3be981b61eee7f4c7cefcf02c97056323117c
2017-10-29 07:39:06 Address : fbb3be981b61eee7f4c7cefcf02c97056323117c
2017-10-29 07:39:06 Address : fbb3be981b61eee7f4c7cefcf02c97056323117c
2017-10-29 07:39:06 Address : fbb3be981b61eee7f4c7cefcf02c97056323117c
2017-10-29 07:39:06 Address : fbb3be981b61eee7f4c7cefcf02c97056323117c
2017-10-29 07:39:06 Address : 057177bd385d27b518f16b4fb80a10b05e1aeb25
2017-10-29 07:39:06 Address : 057177bd385d27b518f16b4fb80a10b05e1aeb25
2017-10-29 07:39:06 Address : 057177bd385d27b518f16b4fb80a10b05e1aeb25
2017-10-29 07:39:06 Address : 9d3d4cc1986d81f9109f2b091b7732e7d9bcf63b
2017-10-29 07:39:07 Address : f17e8f6a5af59c5b16b0bd4b1e28d136db0333ba
2017-10-29 07:39:07   ✘  07:39:07.288|  VM exception: BadInstruction
2017-10-29 07:39:07 Address : f17e8f6a5af59c5b16b0bd4b1e28d136db0333ba
2017-10-29 07:39:07 Address : f17e8f6a5af59c5b16b0bd4b1e28d136db0333ba
2017-10-29 07:39:07 Address : fbb3be981b61eee7f4c7cefcf02c97056323117c
2017-10-29 07:39:07 Address : f17e8f6a5af59c5b16b0bd4b1e28d136db0333ba
2017-10-29 07:39:07   ✘  07:39:07.462|  VM exception: BadInstruction
2017-10-29 07:39:07 Address : f17e8f6a5af59c5b16b0bd4b1e28d136db0333ba
2017-10-29 07:39:07 Address : f17e8f6a5af59c5b16b0bd4b1e28d136db0333ba
2017-10-29 07:39:07 Address : f17e8f6a5af59c5b16b0bd4b1e28d136db0333ba
2017-10-29 07:39:07   ✘  07:39:07.485|  VM exception: BadInstruction
2017-10-29 07:39:07 Address : f17e8f6a5af59c5b16b0bd4b1e28d136db0333ba
2017-10-29 07:39:07   ✘  07:39:07.578|  VM exception: BadInstruction
2017-10-29 07:39:07 Address : 9d3d4cc1986d81f9109f2b091b7732e7d9bcf63b
2017-10-29 07:39:07 Address : fbb3be981b61eee7f4c7cefcf02c97056323117c
2017-10-29 07:39:09 Address : e8036e27bced3454315316099eb8ecc5c720ad26
2017-10-29 07:39:11 Address : fbb3be981b61eee7f4c7cefcf02c97056323117c
2017-10-29 07:39:11 Address : fbb3be981b61eee7f4c7cefcf02c97056323117c
2017-10-29 07:39:11 Address : fbb3be981b61eee7f4c7cefcf02c97056323117c
2017-10-29 07:39:11 Address : fbb3be981b61eee7f4c7cefcf02c97056323117c
2017-10-29 07:39:11 Address : fbb3be981b61eee7f4c7cefcf02c97056323117c
2017-10-29 07:39:11 Address : fbb3be981b61eee7f4c7cefcf02c97056323117c
2017-10-29 07:39:11 Address : fbb3be981b61eee7f4c7cefcf02c97056323117c
2017-10-29 07:39:12   ✘  07:39:12.579|  VM exception: BadInstruction
2017-10-29 07:39:12 Address : 9d3d4cc1986d81f9109f2b091b7732e7d9bcf63b
2017-10-29 07:39:12   ✘  07:39:12.614|  VM exception: BadInstruction
2017-10-29 07:39:12 Address : 9d3d4cc1986d81f9109f2b091b7732e7d9bcf63b
2017-10-29 07:39:12   ✘  07:39:12.618|  VM exception: BadInstruction
2017-10-29 07:39:12 Address : 9d3d4cc1986d81f9109f2b091b7732e7d9bcf63b
2017-10-29 07:39:13 Address : fbb3be981b61eee7f4c7cefcf02c97056323117c
2017-10-29 07:39:13 Address : fbb3be981b61eee7f4c7cefcf02c97056323117c
2017-10-29 07:39:13 Address : fbb3be981b61eee7f4c7cefcf02c97056323117c
2017-10-29 07:39:14 Address : fbb3be981b61eee7f4c7cefcf02c97056323117c
2017-10-29 07:39:17 Address : f17e8f6a5af59c5b16b0bd4b1e28d136db0333ba
2017-10-29 07:39:17 Address : f17e8f6a5af59c5b16b0bd4b1e28d136db0333ba
2017-10-29 07:39:17   ✘  07:39:17.777|  VM exception: BadInstruction
2017-10-29 07:39:17 Address : f17e8f6a5af59c5b16b0bd4b1e28d136db0333ba
2017-10-29 07:39:17 Address : 18269b22bbe35e62c943340dadd2da0bebf14c62
2017-10-29 07:39:17 Address : f17e8f6a5af59c5b16b0bd4b1e28d136db0333ba
2017-10-29 07:39:17   ✘  07:39:17.932|  VM exception: BadInstruction
2017-10-29 07:39:17 Address : 18269b22bbe35e62c943340dadd2da0bebf14c62
2017-10-29 07:39:17   ✘  07:39:17.940|  VM exception: BadInstruction
2017-10-29 07:39:17 Address : 18269b22bbe35e62c943340dadd2da0bebf14c62
2017-10-29 07:39:17 Address : f17e8f6a5af59c5b16b0bd4b1e28d136db0333ba
2017-10-29 07:39:18   ✘  07:39:18.198|  VM exception: BadInstruction
2017-10-29 07:39:18 Address : 18269b22bbe35e62c943340dadd2da0bebf14c62
2017-10-29 07:39:18   ✘  07:39:18.239|  VM exception: BadInstruction
2017-10-29 07:39:18 Address : 9d3d4cc1986d81f9109f2b091b7732e7d9bcf63b
2017-10-29 07:39:21 Address : 89086860fc7e9538fb12f50883e8bba1d77a1f12
2017-10-29 07:39:21   ✘  07:39:21.473|  VM exception: BadInstruction
2017-10-29 07:39:21 Address : 9d3d4cc1986d81f9109f2b091b7732e7d9bcf63b
2017-10-29 07:39:22 Address : 2887a4eb1786cf8b6b076fc8d9f04ad379f1e2d9
2017-10-29 07:39:22 Address : 5bfff978e827c7f33978cf47eeb895770b025e50
2017-10-29 07:39:22 Address : 4b4f41aa778dc9928c7f35844794c8405434a8d7
2017-10-29 07:39:22 Address : cf05fbebfea705ef4b87c512a83b879bc08d9a4c
2017-10-29 07:39:22 Address : b9fe4ba102c33ba078d90a2cb6fe8fa94fd114a1
2017-10-29 07:39:22 Address : 76d8d29556278caff59eeed063764aee2c581af4
2017-10-29 07:39:22 Address : cf05fbebfea705ef4b87c512a83b879bc08d9a4c
2017-10-29 07:39:22 Address : cf05fbebfea705ef4b87c512a83b879bc08d9a4c
2017-10-29 07:39:22 Address : 46c5b8ddcf0e69ba1496fbecd29ff98b7554af01
2017-10-29 07:39:22 Address : b9fe4ba102c33ba078d90a2cb6fe8fa94fd114a1
2017-10-29 07:39:22 Address : f17e8f6a5af59c5b16b0bd4b1e28d136db0333ba
2017-10-29 07:39:22 Address : f17e8f6a5af59c5b16b0bd4b1e28d136db0333ba
2017-10-29 07:39:22   ✘  07:39:22.648|  VM exception: BadInstruction
2017-10-29 07:39:22 Address : 18269b22bbe35e62c943340dadd2da0bebf14c62
2017-10-29 07:39:22 Address : f17e8f6a5af59c5b16b0bd4b1e28d136db0333ba
2017-10-29 07:39:22 Address : f17e8f6a5af59c5b16b0bd4b1e28d136db0333ba
2017-10-29 07:39:22 Address : 52e102a6fe4a138834e256e6236d23637ff9fda7
2017-10-29 07:39:22   ✘  07:39:22.704|  VM exception: BadInstruction
2017-10-29 07:39:22 Address : 18269b22bbe35e62c943340dadd2da0bebf14c62
2017-10-29 07:39:22 Address : f17e8f6a5af59c5b16b0bd4b1e28d136db0333ba
2017-10-29 07:39:22 Address : 18269b22bbe35e62c943340dadd2da0bebf14c62
2017-10-29 07:39:22 Address : f17e8f6a5af59c5b16b0bd4b1e28d136db0333ba
2017-10-29 07:39:22 Address : 412cc4b9b0c0774ae91a67d84fb53a9f14e2f7c6
2017-10-29 07:39:22 Address : f17e8f6a5af59c5b16b0bd4b1e28d136db0333ba
2017-10-29 07:39:23 Address : 6237856f6fad163aa173ba4bd6faa3732163e164
2017-10-29 07:39:23 Address : 4344b361db9c8cd11d8e5bc5538c80d15aaf81fe
2017-10-29 07:39:23 Address : 4715f8a4663dd0e864c6be9b21aecdae0fd83dc3
2017-10-29 07:39:23 Address : 4715f8a4663dd0e864c6be9b21aecdae0fd83dc3
2017-10-29 07:39:23 Address : 4715f8a4663dd0e864c6be9b21aecdae0fd83dc3
2017-10-29 07:39:24 Address : c2ce82c04d004197585dd6bf934cac4b10d25550
2017-10-29 07:39:24 Address : c2ce82c04d004197585dd6bf934cac4b10d25550
2017-10-29 07:39:24 Address : 547bc387c8494c6f2154cac4d648cf2f229f9914
2017-10-29 07:39:25 Address : a50b0cd7121e7c5f094bec270d22d42eeaae50ee
2017-10-29 07:39:26 Address : 1639b5491f4f1f5fabeb12f2f49bfb484bb815b9
2017-10-29 07:39:26 Address : 1639b5491f4f1f5fabeb12f2f49bfb484bb815b9
2017-10-29 07:39:26 Address : f17e8f6a5af59c5b16b0bd4b1e28d136db0333ba
2017-10-29 07:39:26 Address : 1639b5491f4f1f5fabeb12f2f49bfb484bb815b9
2017-10-29 07:39:26 Address : 6237856f6fad163aa173ba4bd6faa3732163e164
2017-10-29 07:39:26   ✘  07:39:26.158|  VM exception: BadInstruction
2017-10-29 07:39:26 Address : 4344b361db9c8cd11d8e5bc5538c80d15aaf81fe
2017-10-29 07:39:26   ✘  07:39:26.280|  VM exception: BadInstruction
2017-10-29 07:39:26 Address : 4344b361db9c8cd11d8e5bc5538c80d15aaf81fe
2017-10-29 07:39:26 Address : f17e8f6a5af59c5b16b0bd4b1e28d136db0333ba
2017-10-29 07:39:26   ✘  07:39:26.294|  VM exception: BadInstruction
2017-10-29 07:39:26 Address : 4344b361db9c8cd11d8e5bc5538c80d15aaf81fe
2017-10-29 07:39:26 Address : f17e8f6a5af59c5b16b0bd4b1e28d136db0333ba
2017-10-29 07:39:26 Address : b3f47968e5115e4fc0e0e65f594337b3d5da8b44
2017-10-29 07:39:26 Address : f17e8f6a5af59c5b16b0bd4b1e28d136db0333ba
2017-10-29 07:39:26 Address : b3f47968e5115e4fc0e0e65f594337b3d5da8b44
2017-10-29 07:39:26 Address : 412cc4b9b0c0774ae91a67d84fb53a9f14e2f7c6
2017-10-29 07:39:26 Address : b3f47968e5115e4fc0e0e65f594337b3d5da8b44
2017-10-29 07:39:26   ✘  07:39:26.595|  VM exception: BadInstruction
2017-10-29 07:39:26 Address : b3f47968e5115e4fc0e0e65f594337b3d5da8b44
2017-10-29 07:39:26 Address : f17e8f6a5af59c5b16b0bd4b1e28d136db0333ba
2017-10-29 07:39:26 Address : f17e8f6a5af59c5b16b0bd4b1e28d136db0333ba
2017-10-29 07:39:26   ✘  07:39:26.613|  VM exception: BadInstruction
2017-10-29 07:39:26 Address : b3f47968e5115e4fc0e0e65f594337b3d5da8b44
2017-10-29 07:39:26 Address : f17e8f6a5af59c5b16b0bd4b1e28d136db0333ba
2017-10-29 07:39:26 Address : f17e8f6a5af59c5b16b0bd4b1e28d136db0333ba
2017-10-29 07:39:26 Address : d4bbf43760d6bf03c185b5c864d104f02b6322ac
2017-10-29 07:39:26   ✘  07:39:26.623|  VM exception: BadInstruction
2017-10-29 07:39:26 Address : 6237856f6fad163aa173ba4bd6faa3732163e164
2017-10-29 07:39:26 Address : 6237856f6fad163aa173ba4bd6faa3732163e164
2017-10-29 07:39:26 Address : d4bbf43760d6bf03c185b5c864d104f02b6322ac
2017-10-29 07:39:26 Address : d4bbf43760d6bf03c185b5c864d104f02b6322ac
2017-10-29 07:39:26 Address : d4bbf43760d6bf03c185b5c864d104f02b6322ac
2017-10-29 07:39:26 Address : d4bbf43760d6bf03c185b5c864d104f02b6322ac
2017-10-29 07:39:26 Address : d4bbf43760d6bf03c185b5c864d104f02b6322ac
2017-10-29 07:39:26 Address : d4bbf43760d6bf03c185b5c864d104f02b6322ac
2017-10-29 07:39:26 Address : d4bbf43760d6bf03c185b5c864d104f02b6322ac
2017-10-29 07:39:26 Address : 6237856f6fad163aa173ba4bd6faa3732163e164
2017-10-29 07:39:26 Address : f13f51550faaf698d09fdcc74d79335bfe19e062
2017-10-29 07:39:26 Address : f13f51550faaf698d09fdcc74d79335bfe19e062
2017-10-29 07:39:26 Address : d4bbf43760d6bf03c185b5c864d104f02b6322ac
2017-10-29 07:39:26 Address : d4bbf43760d6bf03c185b5c864d104f02b6322ac
2017-10-29 07:39:26 Address : d4bbf43760d6bf03c185b5c864d104f02b6322ac
2017-10-29 07:39:26 Address : d4bbf43760d6bf03c185b5c864d104f02b6322ac
2017-10-29 07:39:26 Address : d4bbf43760d6bf03c185b5c864d104f02b6322ac
2017-10-29 07:39:27 Address : e0033a6013763a1893c563908c86405d12de955f
2017-10-29 07:39:27 Address : d4bbf43760d6bf03c185b5c864d104f02b6322ac
2017-10-29 07:39:27 Address : d4bbf43760d6bf03c185b5c864d104f02b6322ac
2017-10-29 07:39:27 Address : d4bbf43760d6bf03c185b5c864d104f02b6322ac
2017-10-29 07:39:27 Address : e0033a6013763a1893c563908c86405d12de955f
2017-10-29 07:39:27 Address : d4bbf43760d6bf03c185b5c864d104f02b6322ac
2017-10-29 07:39:27 Address : d4bbf43760d6bf03c185b5c864d104f02b6322ac
2017-10-29 07:39:27 Address : d4bbf43760d6bf03c185b5c864d104f02b6322ac
2017-10-29 07:39:27 Address : b9fe4ba102c33ba078d90a2cb6fe8fa94fd114a1
2017-10-29 07:39:27 Address : d4bbf43760d6bf03c185b5c864d104f02b6322ac
2017-10-29 07:39:27 Address : d4bbf43760d6bf03c185b5c864d104f02b6322ac
2017-10-29 07:39:27 Address : b9fe4ba102c33ba078d90a2cb6fe8fa94fd114a1
2017-10-29 07:39:27 Address : b9fe4ba102c33ba078d90a2cb6fe8fa94fd114a1
2017-10-29 07:39:28 Address : fe59cbc1704e89a698571413a81f0de9d8f00c69
2017-10-29 07:39:28 Address : 0bf1a95ccbcc28659090df5dd37f68ab78260acc
2017-10-29 07:39:28 Address : fe59cbc1704e89a698571413a81f0de9d8f00c69
2017-10-29 07:39:28 Address : bbb7e606e58086d6b8086f05cefdfd4418327940
2017-10-29 07:39:28 Address : 4d63a89bce12ec4266d1cf344a9240f70a575379
2017-10-29 07:39:28   ✘  07:39:28.879|  VM exception: BadInstruction
2017-10-29 07:39:28 Address : 0bf1a95ccbcc28659090df5dd37f68ab78260acc
2017-10-29 07:39:28 Address : 1639b5491f4f1f5fabeb12f2f49bfb484bb815b9
2017-10-29 07:39:28 Address : 0bf1a95ccbcc28659090df5dd37f68ab78260acc
2017-10-29 07:39:28 Address : 1639b5491f4f1f5fabeb12f2f49bfb484bb815b9
2017-10-29 07:39:28 Address : 1639b5491f4f1f5fabeb12f2f49bfb484bb815b9
2017-10-29 07:39:28   ✘  07:39:28.924|  VM exception: BadInstruction
2017-10-29 07:39:28 Address : 0bf1a95ccbcc28659090df5dd37f68ab78260acc
2017-10-29 07:39:29 Address : 0bf1a95ccbcc28659090df5dd37f68ab78260acc
2017-10-29 07:39:29 Address : 0bf1a95ccbcc28659090df5dd37f68ab78260acc
2017-10-29 07:39:29 Address : 0bf1a95ccbcc28659090df5dd37f68ab78260acc
2017-10-29 07:39:29 Address : 0bf1a95ccbcc28659090df5dd37f68ab78260acc
2017-10-29 07:39:29 Address : 0bf1a95ccbcc28659090df5dd37f68ab78260acc
2017-10-29 07:39:29 Address : 0bf1a95ccbcc28659090df5dd37f68ab78260acc
2017-10-29 07:39:29 Address : 0bf1a95ccbcc28659090df5dd37f68ab78260acc
2017-10-29 07:39:29 Address : 0bf1a95ccbcc28659090df5dd37f68ab78260acc
2017-10-29 07:39:29 Address : 0bf1a95ccbcc28659090df5dd37f68ab78260acc
2017-10-29 07:39:29 Address : 0bf1a95ccbcc28659090df5dd37f68ab78260acc
2017-10-29 07:39:29 Address : 0bf1a95ccbcc28659090df5dd37f68ab78260acc
2017-10-29 07:39:29 Address : 0bf1a95ccbcc28659090df5dd37f68ab78260acc
2017-10-29 07:39:29 Address : 0bf1a95ccbcc28659090df5dd37f68ab78260acc
2017-10-29 07:39:29 Address : 0bf1a95ccbcc28659090df5dd37f68ab78260acc
2017-10-29 07:39:29 Address : 0bf1a95ccbcc28659090df5dd37f68ab78260acc
2017-10-29 07:39:29 Address : 0bf1a95ccbcc28659090df5dd37f68ab78260acc
2017-10-29 07:39:29 Address : 0bf1a95ccbcc28659090df5dd37f68ab78260acc
2017-10-29 07:39:29 Address : 0bf1a95ccbcc28659090df5dd37f68ab78260acc
2017-10-29 07:39:29 Address : 0bf1a95ccbcc28659090df5dd37f68ab78260acc
2017-10-29 07:39:29 Address : 0bf1a95ccbcc28659090df5dd37f68ab78260acc
2017-10-29 07:39:29 Address : 0bf1a95ccbcc28659090df5dd37f68ab78260acc
2017-10-29 07:39:29 Address : 0bf1a95ccbcc28659090df5dd37f68ab78260acc
2017-10-29 07:39:29 Address : 0bf1a95ccbcc28659090df5dd37f68ab78260acc
2017-10-29 07:39:29 Address : 0bf1a95ccbcc28659090df5dd37f68ab78260acc
2017-10-29 07:39:29 Address : 0bf1a95ccbcc28659090df5dd37f68ab78260acc
2017-10-29 07:39:29 Address : 0bf1a95ccbcc28659090df5dd37f68ab78260acc
2017-10-29 07:39:29 Address : 0bf1a95ccbcc28659090df5dd37f68ab78260acc
2017-10-29 07:39:29 Address : 0bf1a95ccbcc28659090df5dd37f68ab78260acc
2017-10-29 07:39:29 Address : 1639b5491f4f1f5fabeb12f2f49bfb484bb815b9
2017-10-29 07:39:29 Address : 0bf1a95ccbcc28659090df5dd37f68ab78260acc
2017-10-29 07:39:29 Address : 0bf1a95ccbcc28659090df5dd37f68ab78260acc
2017-10-29 07:39:29 Address : 0bf1a95ccbcc28659090df5dd37f68ab78260acc
2017-10-29 07:39:29 Address : 0bf1a95ccbcc28659090df5dd37f68ab78260acc
2017-10-29 07:39:29 Address : 0bf1a95ccbcc28659090df5dd37f68ab78260acc
2017-10-29 07:39:29 Address : 0bf1a95ccbcc28659090df5dd37f68ab78260acc
2017-10-29 07:39:29 Address : 0bf1a95ccbcc28659090df5dd37f68ab78260acc
2017-10-29 07:39:29 Address : 0bf1a95ccbcc28659090df5dd37f68ab78260acc
2017-10-29 07:39:29 Address : 0bf1a95ccbcc28659090df5dd37f68ab78260acc
2017-10-29 07:39:29 Address : 0bf1a95ccbcc28659090df5dd37f68ab78260acc
2017-10-29 07:39:29 Address : 0bf1a95ccbcc28659090df5dd37f68ab78260acc
2017-10-29 07:39:29 Address : 0bf1a95ccbcc28659090df5dd37f68ab78260acc
2017-10-29 07:39:29 Address : 0bf1a95ccbcc28659090df5dd37f68ab78260acc
2017-10-29 07:39:29 Address : 0bf1a95ccbcc28659090df5dd37f68ab78260acc
2017-10-29 07:39:29 Address : 0bf1a95ccbcc28659090df5dd37f68ab78260acc
2017-10-29 07:39:29 Address : 0bf1a95ccbcc28659090df5dd37f68ab78260acc
2017-10-29 07:39:29 Address : 0bf1a95ccbcc28659090df5dd37f68ab78260acc
2017-10-29 07:39:29 Address : 0bf1a95ccbcc28659090df5dd37f68ab78260acc
2017-10-29 07:39:29 Address : 0bf1a95ccbcc28659090df5dd37f68ab78260acc
2017-10-29 07:39:29 Address : 0bf1a95ccbcc28659090df5dd37f68ab78260acc
2017-10-29 07:39:29 Address : 0bf1a95ccbcc28659090df5dd37f68ab78260acc
2017-10-29 07:39:29 Address : 0bf1a95ccbcc28659090df5dd37f68ab78260acc
2017-10-29 07:39:29 Address : 0bf1a95ccbcc28659090df5dd37f68ab78260acc
2017-10-29 07:39:29 Address : 0bf1a95ccbcc28659090df5dd37f68ab78260acc
2017-10-29 07:39:29 Address : 0bf1a95ccbcc28659090df5dd37f68ab78260acc
2017-10-29 07:39:29 Address : 0bf1a95ccbcc28659090df5dd37f68ab78260acc
2017-10-29 07:39:29 Address : 0bf1a95ccbcc28659090df5dd37f68ab78260acc
2017-10-29 07:39:29 Address : 0bf1a95ccbcc28659090df5dd37f68ab78260acc
2017-10-29 07:39:29 Address : 0bf1a95ccbcc28659090df5dd37f68ab78260acc
2017-10-29 07:39:29 Address : 0bf1a95ccbcc28659090df5dd37f68ab78260acc
2017-10-29 07:39:29 Address : 0bf1a95ccbcc28659090df5dd37f68ab78260acc
2017-10-29 07:39:29 Address : 0bf1a95ccbcc28659090df5dd37f68ab78260acc
2017-10-29 07:39:29 Address : 0bf1a95ccbcc28659090df5dd37f68ab78260acc
2017-10-29 07:39:29 Address : 0bf1a95ccbcc28659090df5dd37f68ab78260acc
2017-10-29 07:39:29 Address : 0bf1a95ccbcc28659090df5dd37f68ab78260acc
2017-10-29 07:39:29 Address : 0bf1a95ccbcc28659090df5dd37f68ab78260acc
2017-10-29 07:39:29 Address : edd54fb05865dc904a39d45adad26d6c15a2ee08
2017-10-29 07:39:29 Address : 0c3ba6d52d90e9876f8543bb2602006e8853074e
2017-10-29 07:39:29 Address : 17dbc918be137b57e62ae2e09510cbc189439318
2017-10-29 07:39:29 Address : 2da3fdb8ee0493f5305f1460ed86cf9c6e9c6e98
2017-10-29 07:39:29 Address : 2561bb4ab69c42b0a50cf7523dca6deeec68c312
2017-10-29 07:39:29   ✘  07:39:29.643|  Not enough gas to pay for the transaction: Require > 367920  Got 100000
2017-10-29 07:39:29   ✘  07:39:29.644|  VM exception: OutOfGasBase
2017-10-29 07:39:29   ✘  07:39:29.645|  Not enough gas to pay for the transaction: Require > 367984  Got 100000
2017-10-29 07:39:29   ✘  07:39:29.645|  VM exception: OutOfGasBase
2017-10-29 07:39:29 Address : f13f51550faaf698d09fdcc74d79335bfe19e062
2017-10-29 07:39:29 Address : 31a97fd17ed0558e9b97b79013044b3d682889ab
2017-10-29 07:39:29 Address : f13f51550faaf698d09fdcc74d79335bfe19e062
2017-10-29 07:39:29   ✘  07:39:29.721|  VM exception: BadInstruction
2017-10-29 07:39:29 Address : f13f51550faaf698d09fdcc74d79335bfe19e062
2017-10-29 07:39:29 Address : f13f51550faaf698d09fdcc74d79335bfe19e062
2017-10-29 07:39:29   ✘  07:39:29.749|  VM exception: BadInstruction
2017-10-29 07:39:29 Address : f13f51550faaf698d09fdcc74d79335bfe19e062
2017-10-29 07:39:29   ✘  07:39:29.768|  VM exception: BadInstruction
2017-10-29 07:39:29 Address : f13f51550faaf698d09fdcc74d79335bfe19e062
2017-10-29 07:39:29 Address : f13f51550faaf698d09fdcc74d79335bfe19e062
2017-10-29 07:39:29 Address : f13f51550faaf698d09fdcc74d79335bfe19e062
2017-10-29 07:39:29 Address : 0bf1a95ccbcc28659090df5dd37f68ab78260acc
2017-10-29 07:39:29 Address : 0bf1a95ccbcc28659090df5dd37f68ab78260acc
2017-10-29 07:39:30 Address : 0bf1a95ccbcc28659090df5dd37f68ab78260acc
2017-10-29 07:39:30 Address : 0bf1a95ccbcc28659090df5dd37f68ab78260acc
2017-10-29 07:39:30 Address : 0bf1a95ccbcc28659090df5dd37f68ab78260acc
2017-10-29 07:39:30 Address : 0bf1a95ccbcc28659090df5dd37f68ab78260acc
2017-10-29 07:39:30 Address : 0bf1a95ccbcc28659090df5dd37f68ab78260acc
2017-10-29 07:39:30 Address : 0bf1a95ccbcc28659090df5dd37f68ab78260acc
2017-10-29 07:39:30 Address : 0bf1a95ccbcc28659090df5dd37f68ab78260acc
2017-10-29 07:39:30 Address : 0bf1a95ccbcc28659090df5dd37f68ab78260acc
2017-10-29 07:39:30 Address : 0bf1a95ccbcc28659090df5dd37f68ab78260acc
2017-10-29 07:39:30 Address : 0bf1a95ccbcc28659090df5dd37f68ab78260acc
2017-10-29 07:39:30 Address : 4d63a89bce12ec4266d1cf344a9240f70a575379
2017-10-29 07:39:31 Address : 0bf1a95ccbcc28659090df5dd37f68ab78260acc
2017-10-29 07:39:31   ✘  07:39:31.451|  VM exception: BadInstruction
2017-10-29 07:39:31 Address : 0bf1a95ccbcc28659090df5dd37f68ab78260acc
2017-10-29 07:39:31 Address : 0bf1a95ccbcc28659090df5dd37f68ab78260acc
2017-10-29 07:39:31 Address : 0bf1a95ccbcc28659090df5dd37f68ab78260acc
2017-10-29 07:39:31 Address : 0bf1a95ccbcc28659090df5dd37f68ab78260acc
2017-10-29 07:39:31 Address : 0bf1a95ccbcc28659090df5dd37f68ab78260acc
2017-10-29 07:39:31 Address : 0bf1a95ccbcc28659090df5dd37f68ab78260acc
2017-10-29 07:39:31 Address : 0bf1a95ccbcc28659090df5dd37f68ab78260acc
2017-10-29 07:39:31 Address : 0bf1a95ccbcc28659090df5dd37f68ab78260acc
2017-10-29 07:39:31 Address : 0bf1a95ccbcc28659090df5dd37f68ab78260acc
2017-10-29 07:39:31   ✘  07:39:31.684|  VM exception: BadInstruction
2017-10-29 07:39:31 Address : 0bf1a95ccbcc28659090df5dd37f68ab78260acc
2017-10-29 07:39:31 Address : 0bf1a95ccbcc28659090df5dd37f68ab78260acc
2017-10-29 07:39:31 Address : 0bf1a95ccbcc28659090df5dd37f68ab78260acc
2017-10-29 07:39:31 Address : 0bf1a95ccbcc28659090df5dd37f68ab78260acc
2017-10-29 07:39:31 Address : 0bf1a95ccbcc28659090df5dd37f68ab78260acc
2017-10-29 07:39:31 Address : 0bf1a95ccbcc28659090df5dd37f68ab78260acc
2017-10-29 07:39:31 Address : 0bf1a95ccbcc28659090df5dd37f68ab78260acc
2017-10-29 07:39:31 Address : 0bf1a95ccbcc28659090df5dd37f68ab78260acc
2017-10-29 07:39:31 Address : 0bf1a95ccbcc28659090df5dd37f68ab78260acc
2017-10-29 07:39:31 Address : 0bf1a95ccbcc28659090df5dd37f68ab78260acc
2017-10-29 07:39:31 Address : 0bf1a95ccbcc28659090df5dd37f68ab78260acc
2017-10-29 07:39:31 Address : 0bf1a95ccbcc28659090df5dd37f68ab78260acc
2017-10-29 07:39:31 Address : 0bf1a95ccbcc28659090df5dd37f68ab78260acc
2017-10-29 07:39:31 Address : 0bf1a95ccbcc28659090df5dd37f68ab78260acc
2017-10-29 07:39:31   ✘  07:39:31.730|  VM exception: BadInstruction
2017-10-29 07:39:31 Address : 0bf1a95ccbcc28659090df5dd37f68ab78260acc
2017-10-29 07:39:31 Address : 0bf1a95ccbcc28659090df5dd37f68ab78260acc
2017-10-29 07:39:31 Address : 0bf1a95ccbcc28659090df5dd37f68ab78260acc
2017-10-29 07:39:31 Address : 0bf1a95ccbcc28659090df5dd37f68ab78260acc
2017-10-29 07:39:31 Address : 0bf1a95ccbcc28659090df5dd37f68ab78260acc
2017-10-29 07:39:31 Address : 0bf1a95ccbcc28659090df5dd37f68ab78260acc
2017-10-29 07:39:31 Address : 0bf1a95ccbcc28659090df5dd37f68ab78260acc
2017-10-29 07:39:31   ✘  07:39:31.758|  VM exception: BadInstruction
2017-10-29 07:39:31 Address : 0bf1a95ccbcc28659090df5dd37f68ab78260acc
2017-10-29 07:39:31   ✘  07:39:31.764|  VM exception: BadInstruction
2017-10-29 07:39:31 Address : 0bf1a95ccbcc28659090df5dd37f68ab78260acc
2017-10-29 07:39:31   ✘  07:39:31.769|  VM exception: BadInstruction
2017-10-29 07:39:31 Address : 0bf1a95ccbcc28659090df5dd37f68ab78260acc
2017-10-29 07:39:31   ✘  07:39:31.774|  VM exception: BadInstruction
2017-10-29 07:39:31 Address : 0bf1a95ccbcc28659090df5dd37f68ab78260acc
2017-10-29 07:39:31 Address : 0bf1a95ccbcc28659090df5dd37f68ab78260acc
2017-10-29 07:39:31   ✘  07:39:31.787|  VM exception: StackUnderflow
2017-10-29 07:39:31   ✘  07:39:31.791|  VM exception: BadInstruction
2017-10-29 07:39:31 Address : 0bf1a95ccbcc28659090df5dd37f68ab78260acc
2017-10-29 07:39:31 Address : 0bf1a95ccbcc28659090df5dd37f68ab78260acc
2017-10-29 07:39:31 Address : 0bf1a95ccbcc28659090df5dd37f68ab78260acc
2017-10-29 07:39:31   ✘  07:39:31.809|  VM exception: BadInstruction
2017-10-29 07:39:31 Address : 0bf1a95ccbcc28659090df5dd37f68ab78260acc
2017-10-29 07:39:31 Address : 0bf1a95ccbcc28659090df5dd37f68ab78260acc
2017-10-29 07:39:31 Address : 0bf1a95ccbcc28659090df5dd37f68ab78260acc
2017-10-29 07:39:31 Address : 0bf1a95ccbcc28659090df5dd37f68ab78260acc
2017-10-29 07:39:31   ✘  07:39:31.823|  VM exception: BadInstruction
2017-10-29 07:39:31 Address : 0bf1a95ccbcc28659090df5dd37f68ab78260acc
2017-10-29 07:39:31   ✘  07:39:31.828|  VM exception: BadInstruction
2017-10-29 07:39:31 Address : 0bf1a95ccbcc28659090df5dd37f68ab78260acc
2017-10-29 07:39:31   ✘  07:39:31.834|  VM exception: BadInstruction
2017-10-29 07:39:31 Address : 0bf1a95ccbcc28659090df5dd37f68ab78260acc
2017-10-29 07:39:31 Address : 0bf1a95ccbcc28659090df5dd37f68ab78260acc
2017-10-29 07:39:31   ✘  07:39:31.847|  VM exception: BadInstruction
2017-10-29 07:39:31 Address : 0bf1a95ccbcc28659090df5dd37f68ab78260acc
2017-10-29 07:39:31   ✘  07:39:31.849|  VM exception: BadInstruction
2017-10-29 07:39:31 Address : 0bf1a95ccbcc28659090df5dd37f68ab78260acc
2017-10-29 07:39:31   ✘  07:39:31.854|  VM exception: BadInstruction
2017-10-29 07:39:31 Address : 0bf1a95ccbcc28659090df5dd37f68ab78260acc
2017-10-29 07:39:31 Address : 0bf1a95ccbcc28659090df5dd37f68ab78260acc
2017-10-29 07:39:31 Address : 0bf1a95ccbcc28659090df5dd37f68ab78260acc
2017-10-29 07:39:31 Address : 0bf1a95ccbcc28659090df5dd37f68ab78260acc
2017-10-29 07:39:31   ✘  07:39:31.875|  VM exception: BadInstruction
2017-10-29 07:39:31 Address : 0bf1a95ccbcc28659090df5dd37f68ab78260acc
2017-10-29 07:39:31 Address : 0bf1a95ccbcc28659090df5dd37f68ab78260acc
2017-10-29 07:39:31   ✘  07:39:31.884|  VM exception: BadInstruction
2017-10-29 07:39:31 Address : 0bf1a95ccbcc28659090df5dd37f68ab78260acc
2017-10-29 07:39:31 Address : 0bf1a95ccbcc28659090df5dd37f68ab78260acc
2017-10-29 07:39:31   ✘  07:39:31.899|  VM exception: BadInstruction
2017-10-29 07:39:31 Address : 0bf1a95ccbcc28659090df5dd37f68ab78260acc
2017-10-29 07:39:31 Address : 0bf1a95ccbcc28659090df5dd37f68ab78260acc
2017-10-29 07:39:31   ✘  07:39:31.911|  VM exception: BadInstruction
2017-10-29 07:39:31 Address : 0bf1a95ccbcc28659090df5dd37f68ab78260acc
2017-10-29 07:39:31 Address : 0bf1a95ccbcc28659090df5dd37f68ab78260acc
2017-10-29 07:39:31   ✘  07:39:31.928|  VM exception: BadInstruction
2017-10-29 07:39:31 Address : 0bf1a95ccbcc28659090df5dd37f68ab78260acc
2017-10-29 07:39:31   ✘  07:39:31.932|  VM exception: BadInstruction
2017-10-29 07:39:31 Address : 0bf1a95ccbcc28659090df5dd37f68ab78260acc
2017-10-29 07:39:31   ✘  07:39:31.948|  VM exception: StackUnderflow
2017-10-29 07:39:31   ✘  07:39:31.949|  VM exception: BadInstruction
2017-10-29 07:39:31 Address : 0bf1a95ccbcc28659090df5dd37f68ab78260acc
2017-10-29 07:39:31 Address : 0bf1a95ccbcc28659090df5dd37f68ab78260acc
2017-10-29 07:39:31 Address : 0bf1a95ccbcc28659090df5dd37f68ab78260acc
2017-10-29 07:39:31 Address : 0bf1a95ccbcc28659090df5dd37f68ab78260acc
2017-10-29 07:39:31   ✘  07:39:31.964|  VM exception: BadInstruction
2017-10-29 07:39:31 Address : 0bf1a95ccbcc28659090df5dd37f68ab78260acc
2017-10-29 07:39:31   ✘  07:39:31.970|  VM exception: BadInstruction
2017-10-29 07:39:31 Address : 0bf1a95ccbcc28659090df5dd37f68ab78260acc
2017-10-29 07:39:31 Address : 0bf1a95ccbcc28659090df5dd37f68ab78260acc
2017-10-29 07:39:31 Address : 0bf1a95ccbcc28659090df5dd37f68ab78260acc
2017-10-29 07:39:31   ✘  07:39:31.999|  VM exception: BadInstruction
2017-10-29 07:39:32 Address : 0bf1a95ccbcc28659090df5dd37f68ab78260acc
2017-10-29 07:39:32 Address : 0bf1a95ccbcc28659090df5dd37f68ab78260acc
2017-10-29 07:39:32   ✘  07:39:32.005|  VM exception: BadInstruction
2017-10-29 07:39:32 Address : 0bf1a95ccbcc28659090df5dd37f68ab78260acc
2017-10-29 07:39:32   ✘  07:39:32.026|  VM exception: BadInstruction
2017-10-29 07:39:32 Address : 0bf1a95ccbcc28659090df5dd37f68ab78260acc
2017-10-29 07:39:32 Address : 0bf1a95ccbcc28659090df5dd37f68ab78260acc
2017-10-29 07:39:32   ✘  07:39:32.049|  VM exception: BadInstruction
2017-10-29 07:39:32 Address : 0bf1a95ccbcc28659090df5dd37f68ab78260acc
2017-10-29 07:39:32 Address : 0bf1a95ccbcc28659090df5dd37f68ab78260acc
2017-10-29 07:39:32   ✘  07:39:32.056|  VM exception: BadInstruction
2017-10-29 07:39:32 Address : 0bf1a95ccbcc28659090df5dd37f68ab78260acc
2017-10-29 07:39:32 Address : 0bf1a95ccbcc28659090df5dd37f68ab78260acc
2017-10-29 07:39:32   ✘  07:39:32.066|  VM exception: StackUnderflow
2017-10-29 07:39:32 Address : 0bf1a95ccbcc28659090df5dd37f68ab78260acc
2017-10-29 07:39:32 Address : 0bf1a95ccbcc28659090df5dd37f68ab78260acc
2017-10-29 07:39:32 Address : 0bf1a95ccbcc28659090df5dd37f68ab78260acc
2017-10-29 07:39:32   ✘  07:39:32.117|  VM exception: BadInstruction
2017-10-29 07:39:32 Address : 0bf1a95ccbcc28659090df5dd37f68ab78260acc
2017-10-29 07:39:32 Address : 0bf1a95ccbcc28659090df5dd37f68ab78260acc
2017-10-29 07:39:32   ✘  07:39:32.176|  VM exception: BadInstruction
2017-10-29 07:39:32 Address : 0bf1a95ccbcc28659090df5dd37f68ab78260acc
2017-10-29 07:39:32 Address : 0bf1a95ccbcc28659090df5dd37f68ab78260acc
2017-10-29 07:39:32 Address : 0bf1a95ccbcc28659090df5dd37f68ab78260acc
2017-10-29 07:39:32 Address : 0bf1a95ccbcc28659090df5dd37f68ab78260acc
2017-10-29 07:39:32 Address : 0bf1a95ccbcc28659090df5dd37f68ab78260acc
2017-10-29 07:39:32 Address : 0bf1a95ccbcc28659090df5dd37f68ab78260acc
2017-10-29 07:39:32 Address : 0bf1a95ccbcc28659090df5dd37f68ab78260acc
2017-10-29 07:39:32 Address : 0bf1a95ccbcc28659090df5dd37f68ab78260acc
2017-10-29 07:39:32   ✘  07:39:32.335|  VM exception: BadInstruction
2017-10-29 07:39:32 Address : 0bf1a95ccbcc28659090df5dd37f68ab78260acc
2017-10-29 07:39:32 Address : 0bf1a95ccbcc28659090df5dd37f68ab78260acc
2017-10-29 07:39:32 Address : 0bf1a95ccbcc28659090df5dd37f68ab78260acc
2017-10-29 07:39:32 Address : 0bf1a95ccbcc28659090df5dd37f68ab78260acc
2017-10-29 07:39:32 Address : 0bf1a95ccbcc28659090df5dd37f68ab78260acc
2017-10-29 07:39:32 Address : 0bf1a95ccbcc28659090df5dd37f68ab78260acc
2017-10-29 07:39:32 Address : 0bf1a95ccbcc28659090df5dd37f68ab78260acc
2017-10-29 07:39:32 Address : 0bf1a95ccbcc28659090df5dd37f68ab78260acc
2017-10-29 07:39:32 Address : 0bf1a95ccbcc28659090df5dd37f68ab78260acc
2017-10-29 07:39:32 Address : 0bf1a95ccbcc28659090df5dd37f68ab78260acc
2017-10-29 07:39:32 Address : 0bf1a95ccbcc28659090df5dd37f68ab78260acc
2017-10-29 07:39:32 Address : 0bf1a95ccbcc28659090df5dd37f68ab78260acc
2017-10-29 07:39:32 Address : 0bf1a95ccbcc28659090df5dd37f68ab78260acc
2017-10-29 07:39:32   ✘  07:39:32.615|  VM exception: BadInstruction
2017-10-29 07:39:32 Address : 0bf1a95ccbcc28659090df5dd37f68ab78260acc
2017-10-29 07:39:32 Address : 0bf1a95ccbcc28659090df5dd37f68ab78260acc
2017-10-29 07:39:32   ✘  07:39:32.633|  VM exception: BadInstruction
2017-10-29 07:39:32 Address : 0bf1a95ccbcc28659090df5dd37f68ab78260acc
2017-10-29 07:39:32 Address : 0bf1a95ccbcc28659090df5dd37f68ab78260acc
2017-10-29 07:39:32   ✘  07:39:32.639|  VM exception: BadInstruction
2017-10-29 07:39:32 Address : 0bf1a95ccbcc28659090df5dd37f68ab78260acc
2017-10-29 07:39:32   ✘  07:39:32.839|  VM exception: BadInstruction
2017-10-29 07:39:32 Address : 0bf1a95ccbcc28659090df5dd37f68ab78260acc
2017-10-29 07:39:32   ✘  07:39:32.848|  VM exception: BadInstruction
2017-10-29 07:39:32 Address : 0bf1a95ccbcc28659090df5dd37f68ab78260acc
2017-10-29 07:39:32 Address : 0bf1a95ccbcc28659090df5dd37f68ab78260acc
2017-10-29 07:39:32   ✘  07:39:32.863|  VM exception: BadInstruction
2017-10-29 07:39:32 Address : 0bf1a95ccbcc28659090df5dd37f68ab78260acc
2017-10-29 07:39:33 Address : 0bf1a95ccbcc28659090df5dd37f68ab78260acc
2017-10-29 07:39:33 Address : 0bf1a95ccbcc28659090df5dd37f68ab78260acc
2017-10-29 07:39:33   ✘  07:39:33.258|  VM exception: BadInstruction
2017-10-29 07:39:33 Address : 0bf1a95ccbcc28659090df5dd37f68ab78260acc
2017-10-29 07:39:33   ✘  07:39:33.422|  VM exception: BadInstruction
2017-10-29 07:39:33 Address : 0bf1a95ccbcc28659090df5dd37f68ab78260acc
2017-10-29 07:39:33   ✘  07:39:33.429|  VM exception: BadInstruction
2017-10-29 07:39:33 Address : 0bf1a95ccbcc28659090df5dd37f68ab78260acc
2017-10-29 07:39:33 Address : 0bf1a95ccbcc28659090df5dd37f68ab78260acc
2017-10-29 07:39:33 Address : 0bf1a95ccbcc28659090df5dd37f68ab78260acc
2017-10-29 07:39:33   ✘  07:39:33.447|  VM exception: BadInstruction
2017-10-29 07:39:33 Address : 0bf1a95ccbcc28659090df5dd37f68ab78260acc
2017-10-29 07:39:33   ✘  07:39:33.592|  VM exception: BadInstruction
2017-10-29 07:39:33 Address : 0bf1a95ccbcc28659090df5dd37f68ab78260acc
2017-10-29 07:39:33   ✘  07:39:33.606|  VM exception: BadInstruction
2017-10-29 07:39:33 Address : 0bf1a95ccbcc28659090df5dd37f68ab78260acc
2017-10-29 07:39:33   ✘  07:39:33.610|  VM exception: BadInstruction
2017-10-29 07:39:33 Address : 18269b22bbe35e62c943340dadd2da0bebf14c62
2017-10-29 07:39:33   ✘  07:39:33.613|  VM exception: BadInstruction
2017-10-29 07:39:33 Address : 0bf1a95ccbcc28659090df5dd37f68ab78260acc
2017-10-29 07:39:33   ✘  07:39:33.642|  VM exception: BadInstruction
2017-10-29 07:39:33 Address : 0bf1a95ccbcc28659090df5dd37f68ab78260acc
2017-10-29 07:39:33   ✘  07:39:33.659|  VM exception: BadInstruction
2017-10-29 07:39:33 Address : 0bf1a95ccbcc28659090df5dd37f68ab78260acc
2017-10-29 07:39:33   ✘  07:39:33.681|  VM exception: BadInstruction
2017-10-29 07:39:33 Address : 0bf1a95ccbcc28659090df5dd37f68ab78260acc
2017-10-29 07:39:33   ✘  07:39:33.693|  VM exception: BadInstruction
2017-10-29 07:39:33 Address : 18269b22bbe35e62c943340dadd2da0bebf14c62
2017-10-29 07:39:33   ✘  07:39:33.700|  VM exception: BadInstruction
2017-10-29 07:39:33 Address : 0bf1a95ccbcc28659090df5dd37f68ab78260acc
2017-10-29 07:39:33   ✘  07:39:33.715|  VM exception: BadInstruction
2017-10-29 07:39:33 Address : 0bf1a95ccbcc28659090df5dd37f68ab78260acc
2017-10-29 07:39:33   ✘  07:39:33.729|  VM exception: BadInstruction
2017-10-29 07:39:33 Address : 0bf1a95ccbcc28659090df5dd37f68ab78260acc
2017-10-29 07:39:33   ✘  07:39:33.742|  VM exception: BadInstruction
2017-10-29 07:39:33 Address : 18269b22bbe35e62c943340dadd2da0bebf14c62
2017-10-29 07:39:33 Address : 0bf1a95ccbcc28659090df5dd37f68ab78260acc
2017-10-29 07:39:33 Address : 0bf1a95ccbcc28659090df5dd37f68ab78260acc
2017-10-29 07:39:33 Address : 0bf1a95ccbcc28659090df5dd37f68ab78260acc
2017-10-29 07:39:33 Address : 0bf1a95ccbcc28659090df5dd37f68ab78260acc
2017-10-29 07:39:33 Address : 0bf1a95ccbcc28659090df5dd37f68ab78260acc
2017-10-29 07:39:34   ✘  07:39:34.063|  VM exception: BadInstruction
2017-10-29 07:39:34 Address : 0bf1a95ccbcc28659090df5dd37f68ab78260acc
2017-10-29 07:39:34 Address : 0bf1a95ccbcc28659090df5dd37f68ab78260acc
2017-10-29 07:39:34   ✘  07:39:34.274|  VM exception: BadInstruction
2017-10-29 07:39:34 Address : 0bf1a95ccbcc28659090df5dd37f68ab78260acc
2017-10-29 07:39:34   ✘  07:39:34.290|  VM exception: BadInstruction
2017-10-29 07:39:34 Address : 0bf1a95ccbcc28659090df5dd37f68ab78260acc
2017-10-29 07:39:34   ✘  07:39:34.329|  VM exception: BadInstruction
2017-10-29 07:39:34 Address : 0bf1a95ccbcc28659090df5dd37f68ab78260acc
2017-10-29 07:39:34 Address : 0bf1a95ccbcc28659090df5dd37f68ab78260acc
2017-10-29 07:39:34   ✘  07:39:34.757|  VM exception: BadInstruction
2017-10-29 07:39:34 Address : 0bf1a95ccbcc28659090df5dd37f68ab78260acc
2017-10-29 07:39:34 Address : 0bf1a95ccbcc28659090df5dd37f68ab78260acc
2017-10-29 07:39:34 Address : 9d3d4cc1986d81f9109f2b091b7732e7d9bcf63b
2017-10-29 07:39:34   ✘  07:39:34.793|  VM exception: BadInstruction
2017-10-29 07:39:34 Address : 0bf1a95ccbcc28659090df5dd37f68ab78260acc
2017-10-29 07:39:34   ✘  07:39:34.799|  VM exception: BadInstruction
2017-10-29 07:39:34 Address : 0bf1a95ccbcc28659090df5dd37f68ab78260acc
2017-10-29 07:39:34 Address : 9d3d4cc1986d81f9109f2b091b7732e7d9bcf63b
2017-10-29 07:39:34 Address : 9d3d4cc1986d81f9109f2b091b7732e7d9bcf63b
2017-10-29 07:39:34   ✘  07:39:34.818|  VM exception: BadInstruction
2017-10-29 07:39:34 Address : 0bf1a95ccbcc28659090df5dd37f68ab78260acc
2017-10-29 07:39:34 Address : 9d3d4cc1986d81f9109f2b091b7732e7d9bcf63b
2017-10-29 07:39:34 Address : 9d3d4cc1986d81f9109f2b091b7732e7d9bcf63b
2017-10-29 07:39:34 Address : 9d3d4cc1986d81f9109f2b091b7732e7d9bcf63b
2017-10-29 07:39:34 Address : 9d3d4cc1986d81f9109f2b091b7732e7d9bcf63b
2017-10-29 07:39:34 Address : 9d3d4cc1986d81f9109f2b091b7732e7d9bcf63b
2017-10-29 07:39:34 Address : 9d3d4cc1986d81f9109f2b091b7732e7d9bcf63b
2017-10-29 07:39:34 Address : 0bf1a95ccbcc28659090df5dd37f68ab78260acc
2017-10-29 07:39:34 Address : 9d3d4cc1986d81f9109f2b091b7732e7d9bcf63b
2017-10-29 07:39:35 Address : 0bf1a95ccbcc28659090df5dd37f68ab78260acc
2017-10-29 07:39:35 Address : 9d3d4cc1986d81f9109f2b091b7732e7d9bcf63b
2017-10-29 07:39:35 Address : 9d3d4cc1986d81f9109f2b091b7732e7d9bcf63b
2017-10-29 07:39:35 Address : 0bf1a95ccbcc28659090df5dd37f68ab78260acc
2017-10-29 07:39:35 Address : 0bf1a95ccbcc28659090df5dd37f68ab78260acc
2017-10-29 07:39:35 Address : 9d3d4cc1986d81f9109f2b091b7732e7d9bcf63b
2017-10-29 07:39:35 Address : 9d3d4cc1986d81f9109f2b091b7732e7d9bcf63b
2017-10-29 07:39:35 Address : 0bf1a95ccbcc28659090df5dd37f68ab78260acc
2017-10-29 07:39:35 Address : 9d3d4cc1986d81f9109f2b091b7732e7d9bcf63b
2017-10-29 07:39:35 Address : 9d3d4cc1986d81f9109f2b091b7732e7d9bcf63b
2017-10-29 07:39:35 Address : 9d3d4cc1986d81f9109f2b091b7732e7d9bcf63b
2017-10-29 07:39:35 Address : 9d3d4cc1986d81f9109f2b091b7732e7d9bcf63b
2017-10-29 07:39:35 Address : 9d3d4cc1986d81f9109f2b091b7732e7d9bcf63b
2017-10-29 07:39:35 Address : 0bf1a95ccbcc28659090df5dd37f68ab78260acc
2017-10-29 07:39:35   ✘  07:39:35.622|  VM exception: BadInstruction
2017-10-29 07:39:35 Address : 0bf1a95ccbcc28659090df5dd37f68ab78260acc
2017-10-29 07:39:35 Address : 9d3d4cc1986d81f9109f2b091b7732e7d9bcf63b
2017-10-29 07:39:35 Address : 9d3d4cc1986d81f9109f2b091b7732e7d9bcf63b
2017-10-29 07:39:35 Address : 9d3d4cc1986d81f9109f2b091b7732e7d9bcf63b
2017-10-29 07:39:35 Address : 0bf1a95ccbcc28659090df5dd37f68ab78260acc
2017-10-29 07:39:35 Address : 9d3d4cc1986d81f9109f2b091b7732e7d9bcf63b
2017-10-29 07:39:35 Address : 9d3d4cc1986d81f9109f2b091b7732e7d9bcf63b
2017-10-29 07:39:35 Address : 9d3d4cc1986d81f9109f2b091b7732e7d9bcf63b
2017-10-29 07:39:35 Address : 9d3d4cc1986d81f9109f2b091b7732e7d9bcf63b
2017-10-29 07:39:36   ✘  07:39:36.104|  VM exception: BadInstruction
2017-10-29 07:39:36 Address : 9d3d4cc1986d81f9109f2b091b7732e7d9bcf63b
2017-10-29 07:39:36   ✘  07:39:36.122|  VM exception: BadInstruction
2017-10-29 07:39:36 Address : 9d3d4cc1986d81f9109f2b091b7732e7d9bcf63b
2017-10-29 07:39:36 Address : 9d3d4cc1986d81f9109f2b091b7732e7d9bcf63b
2017-10-29 07:39:36 Address : 9d3d4cc1986d81f9109f2b091b7732e7d9bcf63b
2017-10-29 07:39:36   ✘  07:39:36.305|  VM exception: BadInstruction
2017-10-29 07:39:36 Address : 0bf1a95ccbcc28659090df5dd37f68ab78260acc
2017-10-29 07:39:36   ✘  07:39:36.313|  VM exception: BadInstruction
2017-10-29 07:39:36 Address : 0bf1a95ccbcc28659090df5dd37f68ab78260acc
2017-10-29 07:39:36 Address : 9d3d4cc1986d81f9109f2b091b7732e7d9bcf63b
2017-10-29 07:39:36 Address : 0bf1a95ccbcc28659090df5dd37f68ab78260acc
2017-10-29 07:39:37 Address : 0bf1a95ccbcc28659090df5dd37f68ab78260acc
2017-10-29 07:39:37 Address : 0bf1a95ccbcc28659090df5dd37f68ab78260acc
2017-10-29 07:39:37 Address : 0bf1a95ccbcc28659090df5dd37f68ab78260acc
2017-10-29 07:39:37 Address : 0bf1a95ccbcc28659090df5dd37f68ab78260acc
2017-10-29 07:39:37 Address : 9d3d4cc1986d81f9109f2b091b7732e7d9bcf63b
2017-10-29 07:39:38 Address : 0bf1a95ccbcc28659090df5dd37f68ab78260acc
2017-10-29 07:39:38 Address : 9d3d4cc1986d81f9109f2b091b7732e7d9bcf63b
2017-10-29 07:39:38 Address : 0bf1a95ccbcc28659090df5dd37f68ab78260acc
2017-10-29 07:39:38 Address : 0bf1a95ccbcc28659090df5dd37f68ab78260acc
2017-10-29 07:39:38 Address : 0bf1a95ccbcc28659090df5dd37f68ab78260acc
2017-10-29 07:39:38 Address : 0bf1a95ccbcc28659090df5dd37f68ab78260acc
2017-10-29 07:39:38   ✘  07:39:38.656|  VM exception: BadInstruction
2017-10-29 07:39:38 Address : 0bf1a95ccbcc28659090df5dd37f68ab78260acc
2017-10-29 07:39:38 Address : 0bf1a95ccbcc28659090df5dd37f68ab78260acc
2017-10-29 07:39:38   ✘  07:39:38.675|  VM exception: BadInstruction
2017-10-29 07:39:38 Address : 0bf1a95ccbcc28659090df5dd37f68ab78260acc
2017-10-29 07:39:38   ✘  07:39:38.694|  VM exception: BadInstruction
2017-10-29 07:39:38 Address : 0bf1a95ccbcc28659090df5dd37f68ab78260acc
2017-10-29 07:39:38 Address : 9d3d4cc1986d81f9109f2b091b7732e7d9bcf63b
2017-10-29 07:39:38 Address : 0bf1a95ccbcc28659090df5dd37f68ab78260acc
2017-10-29 07:39:38   ✘  07:39:38.806|  VM exception: BadInstruction
2017-10-29 07:39:38 Address : 0bf1a95ccbcc28659090df5dd37f68ab78260acc
2017-10-29 07:39:38 Address : 9d3d4cc1986d81f9109f2b091b7732e7d9bcf63b
2017-10-29 07:39:38 Address : 9d3d4cc1986d81f9109f2b091b7732e7d9bcf63b
2017-10-29 07:56:41   ✘  07:56:41.126|  VM exception: BadInstruction
2017-10-29 07:56:41 Address : 0bf1a95ccbcc28659090df5dd37f68ab78260acc
2017-10-29 08:20:46 Address : f13f51550faaf698d09fdcc74d79335bfe19e062
2017-10-29 08:20:46 Address : 9d3d4cc1986d81f9109f2b091b7732e7d9bcf63b
2017-10-29 08:26:10 Address : 35e03a4a83f82c834ae647e3955de5c7fc150241
2017-10-29 08:26:15 Address : 0bf1a95ccbcc28659090df5dd37f68ab78260acc
