2017-10-29 08:17:15 










2017-10-29 08:17:15 ...  08:17:15.830|  Opened state DB.
2017-10-29 08:17:15 ...  08:17:15.843|  Opened state DB.
2017-10-29 08:19:53   ✘  08:19:53.781|  VM exception: BadJumpDestination
2017-10-29 08:19:53 Address : 0000000000000000000000000000000000000081
2017-10-29 08:19:53 Address : 0000000000000000000000000000000000000081
2017-10-29 08:19:53 Address : 0000000000000000000000000000000000000082
2017-10-29 08:19:53 Address : 0000000000000000000000000000000000000083
2017-10-29 08:19:53 Address : 0000000000000000000000000000000000000084
2017-10-29 08:19:54 Address : 0000000000000000000000000000000000000080
2017-10-29 08:20:57   ✘  08:20:57.941|  VM exception: OutOfGas
2017-10-29 08:20:57 Address : 277719f82ed649c5d9cdd8698b5107b827543e04
2017-10-29 08:21:45 Address : 277719f82ed649c5d9cdd8698b5107b827543e04
2017-10-29 08:21:45 Address : 277719f82ed649c5d9cdd8698b5107b827543e04
2017-10-29 08:21:49 Address : fbb3be981b61eee7f4c7cefcf02c97056323117c
2017-10-29 08:21:49 Address : fbb3be981b61eee7f4c7cefcf02c97056323117c
2017-10-29 08:21:49 Address : fbb3be981b61eee7f4c7cefcf02c97056323117c
2017-10-29 08:21:49 Address : fbb3be981b61eee7f4c7cefcf02c97056323117c
2017-10-29 08:22:14 Address : fbb3be981b61eee7f4c7cefcf02c97056323117c
2017-10-29 08:22:14 Address : fbb3be981b61eee7f4c7cefcf02c97056323117c
2017-10-29 08:22:14 Address : fbb3be981b61eee7f4c7cefcf02c97056323117c
2017-10-29 08:22:14 Address : fbb3be981b61eee7f4c7cefcf02c97056323117c
2017-10-29 08:22:14 Address : fbb3be981b61eee7f4c7cefcf02c97056323117c
2017-10-29 08:22:18   ✘  08:22:18.664|  Not enough gas to pay for the transaction: Require > 357016  Got 25000
2017-10-29 08:22:18   ✘  08:22:18.664|  VM exception: OutOfGasBase
2017-10-29 08:22:37 Address : 8967bae43747688f7fb4ad0d5c12912938283e15
2017-10-29 08:22:37   ✘  08:22:37.586|  VM exception: OutOfGas
2017-10-29 08:22:37 Address : 8967bae43747688f7fb4ad0d5c12912938283e15
2017-10-29 08:22:37 Address : 8967bae43747688f7fb4ad0d5c12912938283e15
2017-10-29 08:22:37 Address : 8967bae43747688f7fb4ad0d5c12912938283e15
2017-10-29 08:22:37 Address : 8967bae43747688f7fb4ad0d5c12912938283e15
2017-10-29 08:22:42 Address : fbb3be981b61eee7f4c7cefcf02c97056323117c
2017-10-29 08:22:42 Address : fbb3be981b61eee7f4c7cefcf02c97056323117c
2017-10-29 08:22:42 Address : fbb3be981b61eee7f4c7cefcf02c97056323117c
2017-10-29 08:22:42 Address : fbb3be981b61eee7f4c7cefcf02c97056323117c
2017-10-29 08:22:42 Address : fbb3be981b61eee7f4c7cefcf02c97056323117c
2017-10-29 08:22:42 Address : fbb3be981b61eee7f4c7cefcf02c97056323117c
2017-10-29 08:22:42 Address : fbb3be981b61eee7f4c7cefcf02c97056323117c
2017-10-29 08:22:42 Address : fbb3be981b61eee7f4c7cefcf02c97056323117c
2017-10-29 08:22:42 Address : fbb3be981b61eee7f4c7cefcf02c97056323117c
2017-10-29 08:22:42 Address : fbb3be981b61eee7f4c7cefcf02c97056323117c
2017-10-29 08:22:42 Address : 057177bd385d27b518f16b4fb80a10b05e1aeb25
2017-10-29 08:22:42 Address : 057177bd385d27b518f16b4fb80a10b05e1aeb25
2017-10-29 08:22:42 Address : 057177bd385d27b518f16b4fb80a10b05e1aeb25
2017-10-29 08:22:42 Address : 9d3d4cc1986d81f9109f2b091b7732e7d9bcf63b
2017-10-29 08:22:43 Address : f17e8f6a5af59c5b16b0bd4b1e28d136db0333ba
2017-10-29 08:22:43   ✘  08:22:43.150|  VM exception: BadInstruction
2017-10-29 08:22:43 Address : f17e8f6a5af59c5b16b0bd4b1e28d136db0333ba
2017-10-29 08:22:43 Address : f17e8f6a5af59c5b16b0bd4b1e28d136db0333ba
2017-10-29 08:22:43 Address : fbb3be981b61eee7f4c7cefcf02c97056323117c
2017-10-29 08:22:43 Address : f17e8f6a5af59c5b16b0bd4b1e28d136db0333ba
2017-10-29 08:22:43   ✘  08:22:43.282|  VM exception: BadInstruction
2017-10-29 08:22:43 Address : f17e8f6a5af59c5b16b0bd4b1e28d136db0333ba
2017-10-29 08:22:43 Address : f17e8f6a5af59c5b16b0bd4b1e28d136db0333ba
2017-10-29 08:22:43 Address : f17e8f6a5af59c5b16b0bd4b1e28d136db0333ba
2017-10-29 08:22:43   ✘  08:22:43.300|  VM exception: BadInstruction
2017-10-29 08:22:43 Address : f17e8f6a5af59c5b16b0bd4b1e28d136db0333ba
2017-10-29 08:22:43   ✘  08:22:43.376|  VM exception: BadInstruction
2017-10-29 08:22:43 Address : 9d3d4cc1986d81f9109f2b091b7732e7d9bcf63b
2017-10-29 08:22:43 Address : fbb3be981b61eee7f4c7cefcf02c97056323117c
2017-10-29 08:22:44 Address : e8036e27bced3454315316099eb8ecc5c720ad26
2017-10-29 08:22:46 Address : fbb3be981b61eee7f4c7cefcf02c97056323117c
2017-10-29 08:22:46 Address : fbb3be981b61eee7f4c7cefcf02c97056323117c
2017-10-29 08:22:46 Address : fbb3be981b61eee7f4c7cefcf02c97056323117c
2017-10-29 08:22:46 Address : fbb3be981b61eee7f4c7cefcf02c97056323117c
2017-10-29 08:22:46 Address : fbb3be981b61eee7f4c7cefcf02c97056323117c
2017-10-29 08:22:46 Address : fbb3be981b61eee7f4c7cefcf02c97056323117c
2017-10-29 08:22:46 Address : fbb3be981b61eee7f4c7cefcf02c97056323117c
2017-10-29 08:22:47   ✘  08:22:47.264|  VM exception: BadInstruction
2017-10-29 08:22:47 Address : 9d3d4cc1986d81f9109f2b091b7732e7d9bcf63b
2017-10-29 08:22:47   ✘  08:22:47.298|  VM exception: BadInstruction
2017-10-29 08:22:47 Address : 9d3d4cc1986d81f9109f2b091b7732e7d9bcf63b
2017-10-29 08:22:47   ✘  08:22:47.302|  VM exception: BadInstruction
2017-10-29 08:22:47 Address : 9d3d4cc1986d81f9109f2b091b7732e7d9bcf63b
2017-10-29 08:22:47 Address : fbb3be981b61eee7f4c7cefcf02c97056323117c
2017-10-29 08:22:47 Address : fbb3be981b61eee7f4c7cefcf02c97056323117c
2017-10-29 08:22:47 Address : fbb3be981b61eee7f4c7cefcf02c97056323117c
2017-10-29 08:22:47 Address : fbb3be981b61eee7f4c7cefcf02c97056323117c
2017-10-29 08:22:50 Address : f17e8f6a5af59c5b16b0bd4b1e28d136db0333ba
2017-10-29 08:22:50 Address : f17e8f6a5af59c5b16b0bd4b1e28d136db0333ba
2017-10-29 08:22:51   ✘  08:22:51.110|  VM exception: BadInstruction
2017-10-29 08:22:51 Address : f17e8f6a5af59c5b16b0bd4b1e28d136db0333ba
2017-10-29 08:22:51 Address : 18269b22bbe35e62c943340dadd2da0bebf14c62
2017-10-29 08:22:51 Address : f17e8f6a5af59c5b16b0bd4b1e28d136db0333ba
2017-10-29 08:22:51   ✘  08:22:51.253|  VM exception: BadInstruction
2017-10-29 08:22:51 Address : 18269b22bbe35e62c943340dadd2da0bebf14c62
2017-10-29 08:22:51   ✘  08:22:51.263|  VM exception: BadInstruction
2017-10-29 08:22:51 Address : 18269b22bbe35e62c943340dadd2da0bebf14c62
2017-10-29 08:22:51 Address : f17e8f6a5af59c5b16b0bd4b1e28d136db0333ba
2017-10-29 08:22:51   ✘  08:22:51.681|  VM exception: BadInstruction
2017-10-29 08:22:51 Address : 18269b22bbe35e62c943340dadd2da0bebf14c62
2017-10-29 08:22:51   ✘  08:22:51.724|  VM exception: BadInstruction
2017-10-29 08:22:51 Address : 9d3d4cc1986d81f9109f2b091b7732e7d9bcf63b
2017-10-29 08:22:53 Address : 89086860fc7e9538fb12f50883e8bba1d77a1f12
2017-10-29 08:22:54   ✘  08:22:54.048|  VM exception: BadInstruction
2017-10-29 08:22:54 Address : 9d3d4cc1986d81f9109f2b091b7732e7d9bcf63b
2017-10-29 08:22:54 Address : 2887a4eb1786cf8b6b076fc8d9f04ad379f1e2d9
2017-10-29 08:22:54 Address : 5bfff978e827c7f33978cf47eeb895770b025e50
2017-10-29 08:22:54 Address : 4b4f41aa778dc9928c7f35844794c8405434a8d7
2017-10-29 08:22:54 Address : cf05fbebfea705ef4b87c512a83b879bc08d9a4c
2017-10-29 08:22:54 Address : b9fe4ba102c33ba078d90a2cb6fe8fa94fd114a1
2017-10-29 08:22:54 Address : 76d8d29556278caff59eeed063764aee2c581af4
2017-10-29 08:22:54 Address : cf05fbebfea705ef4b87c512a83b879bc08d9a4c
2017-10-29 08:22:54 Address : cf05fbebfea705ef4b87c512a83b879bc08d9a4c
2017-10-29 08:22:54 Address : 46c5b8ddcf0e69ba1496fbecd29ff98b7554af01
2017-10-29 08:22:54 Address : b9fe4ba102c33ba078d90a2cb6fe8fa94fd114a1
2017-10-29 08:22:54 Address : f17e8f6a5af59c5b16b0bd4b1e28d136db0333ba
2017-10-29 08:22:54 Address : f17e8f6a5af59c5b16b0bd4b1e28d136db0333ba
2017-10-29 08:22:54   ✘  08:22:54.645|  VM exception: BadInstruction
2017-10-29 08:22:54 Address : 18269b22bbe35e62c943340dadd2da0bebf14c62
2017-10-29 08:22:54 Address : f17e8f6a5af59c5b16b0bd4b1e28d136db0333ba
2017-10-29 08:22:54 Address : f17e8f6a5af59c5b16b0bd4b1e28d136db0333ba
2017-10-29 08:22:54 Address : 52e102a6fe4a138834e256e6236d23637ff9fda7
2017-10-29 08:22:54   ✘  08:22:54.704|  VM exception: BadInstruction
2017-10-29 08:22:54 Address : 18269b22bbe35e62c943340dadd2da0bebf14c62
2017-10-29 08:22:54 Address : f17e8f6a5af59c5b16b0bd4b1e28d136db0333ba
2017-10-29 08:22:54 Address : 18269b22bbe35e62c943340dadd2da0bebf14c62
2017-10-29 08:22:54 Address : f17e8f6a5af59c5b16b0bd4b1e28d136db0333ba
2017-10-29 08:22:54 Address : 412cc4b9b0c0774ae91a67d84fb53a9f14e2f7c6
2017-10-29 08:22:55 Address : f17e8f6a5af59c5b16b0bd4b1e28d136db0333ba
2017-10-29 08:22:55 Address : 6237856f6fad163aa173ba4bd6faa3732163e164
2017-10-29 08:22:55 Address : 4344b361db9c8cd11d8e5bc5538c80d15aaf81fe
2017-10-29 08:22:55 Address : 4715f8a4663dd0e864c6be9b21aecdae0fd83dc3
2017-10-29 08:22:55 Address : 4715f8a4663dd0e864c6be9b21aecdae0fd83dc3
2017-10-29 08:22:55 Address : 4715f8a4663dd0e864c6be9b21aecdae0fd83dc3
2017-10-29 08:22:55 Address : c2ce82c04d004197585dd6bf934cac4b10d25550
2017-10-29 08:22:56 Address : c2ce82c04d004197585dd6bf934cac4b10d25550
2017-10-29 08:22:56 Address : 547bc387c8494c6f2154cac4d648cf2f229f9914
2017-10-29 08:22:57 Address : a50b0cd7121e7c5f094bec270d22d42eeaae50ee
2017-10-29 08:22:57 Address : 1639b5491f4f1f5fabeb12f2f49bfb484bb815b9
2017-10-29 08:22:57 Address : 1639b5491f4f1f5fabeb12f2f49bfb484bb815b9
2017-10-29 08:22:57 Address : f17e8f6a5af59c5b16b0bd4b1e28d136db0333ba
2017-10-29 08:22:57 Address : 1639b5491f4f1f5fabeb12f2f49bfb484bb815b9
2017-10-29 08:22:57 Address : 6237856f6fad163aa173ba4bd6faa3732163e164
2017-10-29 08:22:57   ✘  08:22:57.729|  VM exception: BadInstruction
2017-10-29 08:22:57 Address : 4344b361db9c8cd11d8e5bc5538c80d15aaf81fe
2017-10-29 08:22:57   ✘  08:22:57.755|  VM exception: BadInstruction
2017-10-29 08:22:57 Address : 4344b361db9c8cd11d8e5bc5538c80d15aaf81fe
2017-10-29 08:22:57 Address : f17e8f6a5af59c5b16b0bd4b1e28d136db0333ba
2017-10-29 08:22:57   ✘  08:22:57.766|  VM exception: BadInstruction
2017-10-29 08:22:57 Address : 4344b361db9c8cd11d8e5bc5538c80d15aaf81fe
2017-10-29 08:22:57 Address : f17e8f6a5af59c5b16b0bd4b1e28d136db0333ba
2017-10-29 08:22:57 Address : b3f47968e5115e4fc0e0e65f594337b3d5da8b44
2017-10-29 08:22:57 Address : f17e8f6a5af59c5b16b0bd4b1e28d136db0333ba
2017-10-29 08:22:57 Address : b3f47968e5115e4fc0e0e65f594337b3d5da8b44
2017-10-29 08:22:57 Address : 412cc4b9b0c0774ae91a67d84fb53a9f14e2f7c6
2017-10-29 08:22:57 Address : b3f47968e5115e4fc0e0e65f594337b3d5da8b44
2017-10-29 08:22:57   ✘  08:22:57.993|  VM exception: BadInstruction
2017-10-29 08:22:57 Address : b3f47968e5115e4fc0e0e65f594337b3d5da8b44
2017-10-29 08:22:57 Address : f17e8f6a5af59c5b16b0bd4b1e28d136db0333ba
2017-10-29 08:22:58 Address : f17e8f6a5af59c5b16b0bd4b1e28d136db0333ba
2017-10-29 08:22:58   ✘  08:22:58.015|  VM exception: BadInstruction
2017-10-29 08:22:58 Address : b3f47968e5115e4fc0e0e65f594337b3d5da8b44
2017-10-29 08:22:58 Address : f17e8f6a5af59c5b16b0bd4b1e28d136db0333ba
2017-10-29 08:22:58 Address : f17e8f6a5af59c5b16b0bd4b1e28d136db0333ba
2017-10-29 08:22:58 Address : d4bbf43760d6bf03c185b5c864d104f02b6322ac
2017-10-29 08:22:58   ✘  08:22:58.026|  VM exception: BadInstruction
2017-10-29 08:22:58 Address : 6237856f6fad163aa173ba4bd6faa3732163e164
2017-10-29 08:22:58 Address : 6237856f6fad163aa173ba4bd6faa3732163e164
2017-10-29 08:22:58 Address : d4bbf43760d6bf03c185b5c864d104f02b6322ac
2017-10-29 08:22:58 Address : d4bbf43760d6bf03c185b5c864d104f02b6322ac
2017-10-29 08:22:58 Address : d4bbf43760d6bf03c185b5c864d104f02b6322ac
2017-10-29 08:22:58 Address : d4bbf43760d6bf03c185b5c864d104f02b6322ac
2017-10-29 08:22:58 Address : d4bbf43760d6bf03c185b5c864d104f02b6322ac
2017-10-29 08:22:58 Address : d4bbf43760d6bf03c185b5c864d104f02b6322ac
2017-10-29 08:22:58 Address : d4bbf43760d6bf03c185b5c864d104f02b6322ac
2017-10-29 08:22:58 Address : 6237856f6fad163aa173ba4bd6faa3732163e164
2017-10-29 08:22:58 Address : f13f51550faaf698d09fdcc74d79335bfe19e062
2017-10-29 08:22:58 Address : f13f51550faaf698d09fdcc74d79335bfe19e062
2017-10-29 08:22:58 Address : d4bbf43760d6bf03c185b5c864d104f02b6322ac
2017-10-29 08:22:58 Address : d4bbf43760d6bf03c185b5c864d104f02b6322ac
2017-10-29 08:22:58 Address : d4bbf43760d6bf03c185b5c864d104f02b6322ac
2017-10-29 08:22:58 Address : d4bbf43760d6bf03c185b5c864d104f02b6322ac
2017-10-29 08:22:58 Address : d4bbf43760d6bf03c185b5c864d104f02b6322ac
2017-10-29 08:22:58 Address : e0033a6013763a1893c563908c86405d12de955f
2017-10-29 08:22:58 Address : d4bbf43760d6bf03c185b5c864d104f02b6322ac
2017-10-29 08:22:58 Address : d4bbf43760d6bf03c185b5c864d104f02b6322ac
2017-10-29 08:22:58 Address : d4bbf43760d6bf03c185b5c864d104f02b6322ac
2017-10-29 08:22:58 Address : e0033a6013763a1893c563908c86405d12de955f
2017-10-29 08:22:58 Address : d4bbf43760d6bf03c185b5c864d104f02b6322ac
2017-10-29 08:22:58 Address : d4bbf43760d6bf03c185b5c864d104f02b6322ac
2017-10-29 08:22:58 Address : d4bbf43760d6bf03c185b5c864d104f02b6322ac
2017-10-29 08:22:58 Address : b9fe4ba102c33ba078d90a2cb6fe8fa94fd114a1
2017-10-29 08:22:58 Address : d4bbf43760d6bf03c185b5c864d104f02b6322ac
2017-10-29 08:22:58 Address : d4bbf43760d6bf03c185b5c864d104f02b6322ac
2017-10-29 08:22:58 Address : b9fe4ba102c33ba078d90a2cb6fe8fa94fd114a1
2017-10-29 08:22:59 Address : b9fe4ba102c33ba078d90a2cb6fe8fa94fd114a1
2017-10-29 08:22:59 Address : fe59cbc1704e89a698571413a81f0de9d8f00c69
2017-10-29 08:22:59 Address : 0bf1a95ccbcc28659090df5dd37f68ab78260acc
2017-10-29 08:22:59 Address : fe59cbc1704e89a698571413a81f0de9d8f00c69
2017-10-29 08:22:59 Address : bbb7e606e58086d6b8086f05cefdfd4418327940
2017-10-29 08:22:59 Address : 4d63a89bce12ec4266d1cf344a9240f70a575379
2017-10-29 08:22:59   ✘  08:22:59.679|  VM exception: BadInstruction
2017-10-29 08:22:59 Address : 0bf1a95ccbcc28659090df5dd37f68ab78260acc
2017-10-29 08:22:59 Address : 1639b5491f4f1f5fabeb12f2f49bfb484bb815b9
2017-10-29 08:22:59 Address : 0bf1a95ccbcc28659090df5dd37f68ab78260acc
2017-10-29 08:22:59 Address : 1639b5491f4f1f5fabeb12f2f49bfb484bb815b9
2017-10-29 08:22:59 Address : 1639b5491f4f1f5fabeb12f2f49bfb484bb815b9
2017-10-29 08:22:59   ✘  08:22:59.717|  VM exception: BadInstruction
2017-10-29 08:22:59 Address : 0bf1a95ccbcc28659090df5dd37f68ab78260acc
2017-10-29 08:22:59 Address : 0bf1a95ccbcc28659090df5dd37f68ab78260acc
2017-10-29 08:22:59 Address : 0bf1a95ccbcc28659090df5dd37f68ab78260acc
2017-10-29 08:22:59 Address : 0bf1a95ccbcc28659090df5dd37f68ab78260acc
2017-10-29 08:22:59 Address : 0bf1a95ccbcc28659090df5dd37f68ab78260acc
2017-10-29 08:22:59 Address : 0bf1a95ccbcc28659090df5dd37f68ab78260acc
2017-10-29 08:22:59 Address : 0bf1a95ccbcc28659090df5dd37f68ab78260acc
2017-10-29 08:22:59 Address : 0bf1a95ccbcc28659090df5dd37f68ab78260acc
2017-10-29 08:22:59 Address : 0bf1a95ccbcc28659090df5dd37f68ab78260acc
2017-10-29 08:22:59 Address : 0bf1a95ccbcc28659090df5dd37f68ab78260acc
2017-10-29 08:22:59 Address : 0bf1a95ccbcc28659090df5dd37f68ab78260acc
2017-10-29 08:22:59 Address : 0bf1a95ccbcc28659090df5dd37f68ab78260acc
2017-10-29 08:22:59 Address : 0bf1a95ccbcc28659090df5dd37f68ab78260acc
2017-10-29 08:22:59 Address : 0bf1a95ccbcc28659090df5dd37f68ab78260acc
2017-10-29 08:22:59 Address : 0bf1a95ccbcc28659090df5dd37f68ab78260acc
2017-10-29 08:22:59 Address : 0bf1a95ccbcc28659090df5dd37f68ab78260acc
2017-10-29 08:22:59 Address : 0bf1a95ccbcc28659090df5dd37f68ab78260acc
2017-10-29 08:22:59 Address : 0bf1a95ccbcc28659090df5dd37f68ab78260acc
2017-10-29 08:22:59 Address : 0bf1a95ccbcc28659090df5dd37f68ab78260acc
2017-10-29 08:22:59 Address : 0bf1a95ccbcc28659090df5dd37f68ab78260acc
2017-10-29 08:22:59 Address : 0bf1a95ccbcc28659090df5dd37f68ab78260acc
2017-10-29 08:22:59 Address : 0bf1a95ccbcc28659090df5dd37f68ab78260acc
2017-10-29 08:22:59 Address : 0bf1a95ccbcc28659090df5dd37f68ab78260acc
2017-10-29 08:22:59 Address : 0bf1a95ccbcc28659090df5dd37f68ab78260acc
2017-10-29 08:22:59 Address : 0bf1a95ccbcc28659090df5dd37f68ab78260acc
2017-10-29 08:22:59 Address : 0bf1a95ccbcc28659090df5dd37f68ab78260acc
2017-10-29 08:22:59 Address : 0bf1a95ccbcc28659090df5dd37f68ab78260acc
2017-10-29 08:22:59 Address : 0bf1a95ccbcc28659090df5dd37f68ab78260acc
2017-10-29 08:22:59 Address : 0bf1a95ccbcc28659090df5dd37f68ab78260acc
2017-10-29 08:22:59 Address : 1639b5491f4f1f5fabeb12f2f49bfb484bb815b9
2017-10-29 08:22:59 Address : 0bf1a95ccbcc28659090df5dd37f68ab78260acc
2017-10-29 08:22:59 Address : 0bf1a95ccbcc28659090df5dd37f68ab78260acc
2017-10-29 08:22:59 Address : 0bf1a95ccbcc28659090df5dd37f68ab78260acc
2017-10-29 08:22:59 Address : 0bf1a95ccbcc28659090df5dd37f68ab78260acc
2017-10-29 08:22:59 Address : 0bf1a95ccbcc28659090df5dd37f68ab78260acc
2017-10-29 08:22:59 Address : 0bf1a95ccbcc28659090df5dd37f68ab78260acc
2017-10-29 08:22:59 Address : 0bf1a95ccbcc28659090df5dd37f68ab78260acc
2017-10-29 08:22:59 Address : 0bf1a95ccbcc28659090df5dd37f68ab78260acc
2017-10-29 08:22:59 Address : 0bf1a95ccbcc28659090df5dd37f68ab78260acc
2017-10-29 08:22:59 Address : 0bf1a95ccbcc28659090df5dd37f68ab78260acc
2017-10-29 08:22:59 Address : 0bf1a95ccbcc28659090df5dd37f68ab78260acc
2017-10-29 08:22:59 Address : 0bf1a95ccbcc28659090df5dd37f68ab78260acc
2017-10-29 08:22:59 Address : 0bf1a95ccbcc28659090df5dd37f68ab78260acc
2017-10-29 08:22:59 Address : 0bf1a95ccbcc28659090df5dd37f68ab78260acc
2017-10-29 08:22:59 Address : 0bf1a95ccbcc28659090df5dd37f68ab78260acc
2017-10-29 08:22:59 Address : 0bf1a95ccbcc28659090df5dd37f68ab78260acc
2017-10-29 08:22:59 Address : 0bf1a95ccbcc28659090df5dd37f68ab78260acc
2017-10-29 08:22:59 Address : 0bf1a95ccbcc28659090df5dd37f68ab78260acc
2017-10-29 08:22:59 Address : 0bf1a95ccbcc28659090df5dd37f68ab78260acc
2017-10-29 08:22:59 Address : 0bf1a95ccbcc28659090df5dd37f68ab78260acc
2017-10-29 08:22:59 Address : 0bf1a95ccbcc28659090df5dd37f68ab78260acc
2017-10-29 08:22:59 Address : 0bf1a95ccbcc28659090df5dd37f68ab78260acc
2017-10-29 08:22:59 Address : 0bf1a95ccbcc28659090df5dd37f68ab78260acc
2017-10-29 08:22:59 Address : 0bf1a95ccbcc28659090df5dd37f68ab78260acc
2017-10-29 08:22:59 Address : 0bf1a95ccbcc28659090df5dd37f68ab78260acc
2017-10-29 08:22:59 Address : 0bf1a95ccbcc28659090df5dd37f68ab78260acc
2017-10-29 08:22:59 Address : 0bf1a95ccbcc28659090df5dd37f68ab78260acc
2017-10-29 08:22:59 Address : 0bf1a95ccbcc28659090df5dd37f68ab78260acc
2017-10-29 08:22:59 Address : 0bf1a95ccbcc28659090df5dd37f68ab78260acc
2017-10-29 08:22:59 Address : 0bf1a95ccbcc28659090df5dd37f68ab78260acc
2017-10-29 08:22:59 Address : 0bf1a95ccbcc28659090df5dd37f68ab78260acc
2017-10-29 08:22:59 Address : 0bf1a95ccbcc28659090df5dd37f68ab78260acc
2017-10-29 08:23:00 Address : 0bf1a95ccbcc28659090df5dd37f68ab78260acc
2017-10-29 08:23:00 Address : 0bf1a95ccbcc28659090df5dd37f68ab78260acc
2017-10-29 08:23:00 Address : 0bf1a95ccbcc28659090df5dd37f68ab78260acc
2017-10-29 08:23:00 Address : 0bf1a95ccbcc28659090df5dd37f68ab78260acc
2017-10-29 08:23:00 Address : edd54fb05865dc904a39d45adad26d6c15a2ee08
2017-10-29 08:23:00 Address : 0c3ba6d52d90e9876f8543bb2602006e8853074e
2017-10-29 08:23:00 Address : 17dbc918be137b57e62ae2e09510cbc189439318
2017-10-29 08:23:00 Address : 2da3fdb8ee0493f5305f1460ed86cf9c6e9c6e98
2017-10-29 08:23:00 Address : 2561bb4ab69c42b0a50cf7523dca6deeec68c312
2017-10-29 08:23:00   ✘  08:23:00.129|  Not enough gas to pay for the transaction: Require > 367920  Got 100000
2017-10-29 08:23:00   ✘  08:23:00.129|  VM exception: OutOfGasBase
2017-10-29 08:23:00   ✘  08:23:00.130|  Not enough gas to pay for the transaction: Require > 367984  Got 100000
2017-10-29 08:23:00   ✘  08:23:00.130|  VM exception: OutOfGasBase
2017-10-29 08:23:00 Address : f13f51550faaf698d09fdcc74d79335bfe19e062
2017-10-29 08:23:00 Address : 31a97fd17ed0558e9b97b79013044b3d682889ab
2017-10-29 08:23:00 Address : f13f51550faaf698d09fdcc74d79335bfe19e062
2017-10-29 08:23:00   ✘  08:23:00.210|  VM exception: BadInstruction
2017-10-29 08:23:00 Address : f13f51550faaf698d09fdcc74d79335bfe19e062
2017-10-29 08:23:00 Address : f13f51550faaf698d09fdcc74d79335bfe19e062
2017-10-29 08:23:00   ✘  08:23:00.232|  VM exception: BadInstruction
2017-10-29 08:23:00 Address : f13f51550faaf698d09fdcc74d79335bfe19e062
2017-10-29 08:23:00   ✘  08:23:00.248|  VM exception: BadInstruction
2017-10-29 08:23:00 Address : f13f51550faaf698d09fdcc74d79335bfe19e062
2017-10-29 08:23:00 Address : f13f51550faaf698d09fdcc74d79335bfe19e062
2017-10-29 08:23:00 Address : f13f51550faaf698d09fdcc74d79335bfe19e062
2017-10-29 08:23:00 Address : 0bf1a95ccbcc28659090df5dd37f68ab78260acc
2017-10-29 08:23:00 Address : 0bf1a95ccbcc28659090df5dd37f68ab78260acc
2017-10-29 08:23:00 Address : 0bf1a95ccbcc28659090df5dd37f68ab78260acc
2017-10-29 08:23:00 Address : 0bf1a95ccbcc28659090df5dd37f68ab78260acc
2017-10-29 08:23:00 Address : 0bf1a95ccbcc28659090df5dd37f68ab78260acc
2017-10-29 08:23:00 Address : 0bf1a95ccbcc28659090df5dd37f68ab78260acc
2017-10-29 08:23:00 Address : 0bf1a95ccbcc28659090df5dd37f68ab78260acc
2017-10-29 08:23:00 Address : 0bf1a95ccbcc28659090df5dd37f68ab78260acc
2017-10-29 08:23:00 Address : 0bf1a95ccbcc28659090df5dd37f68ab78260acc
2017-10-29 08:23:00 Address : 0bf1a95ccbcc28659090df5dd37f68ab78260acc
2017-10-29 08:23:01 Address : 0bf1a95ccbcc28659090df5dd37f68ab78260acc
2017-10-29 08:23:01 Address : 0bf1a95ccbcc28659090df5dd37f68ab78260acc
2017-10-29 08:23:01 Address : 4d63a89bce12ec4266d1cf344a9240f70a575379
2017-10-29 08:23:01 Address : 0bf1a95ccbcc28659090df5dd37f68ab78260acc
2017-10-29 08:23:01   ✘  08:23:01.725|  VM exception: BadInstruction
2017-10-29 08:23:01 Address : 0bf1a95ccbcc28659090df5dd37f68ab78260acc
2017-10-29 08:23:01 Address : 0bf1a95ccbcc28659090df5dd37f68ab78260acc
2017-10-29 08:23:01 Address : 0bf1a95ccbcc28659090df5dd37f68ab78260acc
2017-10-29 08:23:01 Address : 0bf1a95ccbcc28659090df5dd37f68ab78260acc
2017-10-29 08:23:01 Address : 0bf1a95ccbcc28659090df5dd37f68ab78260acc
2017-10-29 08:23:01 Address : 0bf1a95ccbcc28659090df5dd37f68ab78260acc
2017-10-29 08:23:01 Address : 0bf1a95ccbcc28659090df5dd37f68ab78260acc
2017-10-29 08:23:01 Address : 0bf1a95ccbcc28659090df5dd37f68ab78260acc
2017-10-29 08:23:01 Address : 0bf1a95ccbcc28659090df5dd37f68ab78260acc
2017-10-29 08:23:01   ✘  08:23:01.803|  VM exception: BadInstruction
2017-10-29 08:23:01 Address : 0bf1a95ccbcc28659090df5dd37f68ab78260acc
2017-10-29 08:23:01 Address : 0bf1a95ccbcc28659090df5dd37f68ab78260acc
2017-10-29 08:23:01 Address : 0bf1a95ccbcc28659090df5dd37f68ab78260acc
2017-10-29 08:23:01 Address : 0bf1a95ccbcc28659090df5dd37f68ab78260acc
2017-10-29 08:23:01 Address : 0bf1a95ccbcc28659090df5dd37f68ab78260acc
2017-10-29 08:23:01 Address : 0bf1a95ccbcc28659090df5dd37f68ab78260acc
2017-10-29 08:23:01 Address : 0bf1a95ccbcc28659090df5dd37f68ab78260acc
2017-10-29 08:23:01 Address : 0bf1a95ccbcc28659090df5dd37f68ab78260acc
2017-10-29 08:23:01 Address : 0bf1a95ccbcc28659090df5dd37f68ab78260acc
2017-10-29 08:23:01 Address : 0bf1a95ccbcc28659090df5dd37f68ab78260acc
2017-10-29 08:23:01 Address : 0bf1a95ccbcc28659090df5dd37f68ab78260acc
2017-10-29 08:23:01 Address : 0bf1a95ccbcc28659090df5dd37f68ab78260acc
2017-10-29 08:23:01 Address : 0bf1a95ccbcc28659090df5dd37f68ab78260acc
2017-10-29 08:23:01 Address : 0bf1a95ccbcc28659090df5dd37f68ab78260acc
2017-10-29 08:23:01   ✘  08:23:01.851|  VM exception: BadInstruction
2017-10-29 08:23:01 Address : 0bf1a95ccbcc28659090df5dd37f68ab78260acc
2017-10-29 08:23:01 Address : 0bf1a95ccbcc28659090df5dd37f68ab78260acc
2017-10-29 08:23:01 Address : 0bf1a95ccbcc28659090df5dd37f68ab78260acc
2017-10-29 08:23:01 Address : 0bf1a95ccbcc28659090df5dd37f68ab78260acc
2017-10-29 08:23:01 Address : 0bf1a95ccbcc28659090df5dd37f68ab78260acc
2017-10-29 08:23:01 Address : 0bf1a95ccbcc28659090df5dd37f68ab78260acc
2017-10-29 08:23:01 Address : 0bf1a95ccbcc28659090df5dd37f68ab78260acc
2017-10-29 08:23:01   ✘  08:23:01.882|  VM exception: BadInstruction
2017-10-29 08:23:01 Address : 0bf1a95ccbcc28659090df5dd37f68ab78260acc
2017-10-29 08:23:01   ✘  08:23:01.889|  VM exception: BadInstruction
2017-10-29 08:23:01 Address : 0bf1a95ccbcc28659090df5dd37f68ab78260acc
2017-10-29 08:23:01   ✘  08:23:01.895|  VM exception: BadInstruction
2017-10-29 08:23:01 Address : 0bf1a95ccbcc28659090df5dd37f68ab78260acc
2017-10-29 08:23:01   ✘  08:23:01.901|  VM exception: BadInstruction
2017-10-29 08:23:01 Address : 0bf1a95ccbcc28659090df5dd37f68ab78260acc
2017-10-29 08:23:01 Address : 0bf1a95ccbcc28659090df5dd37f68ab78260acc
2017-10-29 08:23:01   ✘  08:23:01.916|  VM exception: StackUnderflow
2017-10-29 08:23:01   ✘  08:23:01.919|  VM exception: BadInstruction
2017-10-29 08:23:01 Address : 0bf1a95ccbcc28659090df5dd37f68ab78260acc
2017-10-29 08:23:01 Address : 0bf1a95ccbcc28659090df5dd37f68ab78260acc
2017-10-29 08:23:01 Address : 0bf1a95ccbcc28659090df5dd37f68ab78260acc
2017-10-29 08:23:01   ✘  08:23:01.940|  VM exception: BadInstruction
2017-10-29 08:23:01 Address : 0bf1a95ccbcc28659090df5dd37f68ab78260acc
2017-10-29 08:23:01 Address : 0bf1a95ccbcc28659090df5dd37f68ab78260acc
2017-10-29 08:23:01 Address : 0bf1a95ccbcc28659090df5dd37f68ab78260acc
2017-10-29 08:23:01 Address : 0bf1a95ccbcc28659090df5dd37f68ab78260acc
2017-10-29 08:23:01   ✘  08:23:01.957|  VM exception: BadInstruction
2017-10-29 08:23:01 Address : 0bf1a95ccbcc28659090df5dd37f68ab78260acc
2017-10-29 08:23:01   ✘  08:23:01.962|  VM exception: BadInstruction
2017-10-29 08:23:01 Address : 0bf1a95ccbcc28659090df5dd37f68ab78260acc
2017-10-29 08:23:01   ✘  08:23:01.970|  VM exception: BadInstruction
2017-10-29 08:23:01 Address : 0bf1a95ccbcc28659090df5dd37f68ab78260acc
2017-10-29 08:23:01 Address : 0bf1a95ccbcc28659090df5dd37f68ab78260acc
2017-10-29 08:23:01   ✘  08:23:01.983|  VM exception: BadInstruction
2017-10-29 08:23:01 Address : 0bf1a95ccbcc28659090df5dd37f68ab78260acc
2017-10-29 08:23:01   ✘  08:23:01.986|  VM exception: BadInstruction
2017-10-29 08:23:01 Address : 0bf1a95ccbcc28659090df5dd37f68ab78260acc
2017-10-29 08:23:01   ✘  08:23:01.991|  VM exception: BadInstruction
2017-10-29 08:23:01 Address : 0bf1a95ccbcc28659090df5dd37f68ab78260acc
2017-10-29 08:23:01 Address : 0bf1a95ccbcc28659090df5dd37f68ab78260acc
2017-10-29 08:23:02 Address : 0bf1a95ccbcc28659090df5dd37f68ab78260acc
2017-10-29 08:23:02 Address : 0bf1a95ccbcc28659090df5dd37f68ab78260acc
2017-10-29 08:23:02   ✘  08:23:02.011|  VM exception: BadInstruction
2017-10-29 08:23:02 Address : 0bf1a95ccbcc28659090df5dd37f68ab78260acc
2017-10-29 08:23:02 Address : 0bf1a95ccbcc28659090df5dd37f68ab78260acc
2017-10-29 08:23:02   ✘  08:23:02.024|  VM exception: BadInstruction
2017-10-29 08:23:02 Address : 0bf1a95ccbcc28659090df5dd37f68ab78260acc
2017-10-29 08:23:02 Address : 0bf1a95ccbcc28659090df5dd37f68ab78260acc
2017-10-29 08:23:02   ✘  08:23:02.048|  VM exception: BadInstruction
2017-10-29 08:23:02 Address : 0bf1a95ccbcc28659090df5dd37f68ab78260acc
2017-10-29 08:23:02 Address : 0bf1a95ccbcc28659090df5dd37f68ab78260acc
2017-10-29 08:23:02   ✘  08:23:02.062|  VM exception: BadInstruction
2017-10-29 08:23:02 Address : 0bf1a95ccbcc28659090df5dd37f68ab78260acc
2017-10-29 08:23:02 Address : 0bf1a95ccbcc28659090df5dd37f68ab78260acc
2017-10-29 08:23:02   ✘  08:23:02.084|  VM exception: BadInstruction
2017-10-29 08:23:02 Address : 0bf1a95ccbcc28659090df5dd37f68ab78260acc
2017-10-29 08:23:02   ✘  08:23:02.089|  VM exception: BadInstruction
2017-10-29 08:23:02 Address : 0bf1a95ccbcc28659090df5dd37f68ab78260acc
2017-10-29 08:23:02   ✘  08:23:02.109|  VM exception: StackUnderflow
2017-10-29 08:23:02   ✘  08:23:02.110|  VM exception: BadInstruction
2017-10-29 08:23:02 Address : 0bf1a95ccbcc28659090df5dd37f68ab78260acc
2017-10-29 08:23:02 Address : 0bf1a95ccbcc28659090df5dd37f68ab78260acc
2017-10-29 08:23:02 Address : 0bf1a95ccbcc28659090df5dd37f68ab78260acc
2017-10-29 08:23:02 Address : 0bf1a95ccbcc28659090df5dd37f68ab78260acc
2017-10-29 08:23:02   ✘  08:23:02.125|  VM exception: BadInstruction
2017-10-29 08:23:02 Address : 0bf1a95ccbcc28659090df5dd37f68ab78260acc
2017-10-29 08:23:02   ✘  08:23:02.130|  VM exception: BadInstruction
2017-10-29 08:23:02 Address : 0bf1a95ccbcc28659090df5dd37f68ab78260acc
2017-10-29 08:23:02 Address : 0bf1a95ccbcc28659090df5dd37f68ab78260acc
2017-10-29 08:23:02 Address : 0bf1a95ccbcc28659090df5dd37f68ab78260acc
2017-10-29 08:23:02   ✘  08:23:02.157|  VM exception: BadInstruction
2017-10-29 08:23:02 Address : 0bf1a95ccbcc28659090df5dd37f68ab78260acc
2017-10-29 08:23:02 Address : 0bf1a95ccbcc28659090df5dd37f68ab78260acc
2017-10-29 08:23:02   ✘  08:23:02.164|  VM exception: BadInstruction
2017-10-29 08:23:02 Address : 0bf1a95ccbcc28659090df5dd37f68ab78260acc
2017-10-29 08:23:02   ✘  08:23:02.181|  VM exception: BadInstruction
2017-10-29 08:23:02 Address : 0bf1a95ccbcc28659090df5dd37f68ab78260acc
2017-10-29 08:23:02 Address : 0bf1a95ccbcc28659090df5dd37f68ab78260acc
2017-10-29 08:23:02   ✘  08:23:02.201|  VM exception: BadInstruction
2017-10-29 08:23:02 Address : 0bf1a95ccbcc28659090df5dd37f68ab78260acc
2017-10-29 08:23:02 Address : 0bf1a95ccbcc28659090df5dd37f68ab78260acc
2017-10-29 08:23:02   ✘  08:23:02.208|  VM exception: BadInstruction
2017-10-29 08:23:02 Address : 0bf1a95ccbcc28659090df5dd37f68ab78260acc
2017-10-29 08:23:02 Address : 0bf1a95ccbcc28659090df5dd37f68ab78260acc
2017-10-29 08:23:02   ✘  08:23:02.223|  VM exception: StackUnderflow
2017-10-29 08:23:02 Address : 0bf1a95ccbcc28659090df5dd37f68ab78260acc
2017-10-29 08:23:02 Address : 0bf1a95ccbcc28659090df5dd37f68ab78260acc
2017-10-29 08:23:02 Address : 0bf1a95ccbcc28659090df5dd37f68ab78260acc
2017-10-29 08:23:02   ✘  08:23:02.271|  VM exception: BadInstruction
2017-10-29 08:23:02 Address : 0bf1a95ccbcc28659090df5dd37f68ab78260acc
2017-10-29 08:23:02 Address : 0bf1a95ccbcc28659090df5dd37f68ab78260acc
2017-10-29 08:23:02   ✘  08:23:02.316|  VM exception: BadInstruction
2017-10-29 08:23:02 Address : 0bf1a95ccbcc28659090df5dd37f68ab78260acc
2017-10-29 08:23:02 Address : 0bf1a95ccbcc28659090df5dd37f68ab78260acc
2017-10-29 08:23:02 Address : 0bf1a95ccbcc28659090df5dd37f68ab78260acc
2017-10-29 08:23:02 Address : 0bf1a95ccbcc28659090df5dd37f68ab78260acc
2017-10-29 08:23:02 Address : 0bf1a95ccbcc28659090df5dd37f68ab78260acc
2017-10-29 08:23:02 Address : 0bf1a95ccbcc28659090df5dd37f68ab78260acc
2017-10-29 08:23:02 Address : 0bf1a95ccbcc28659090df5dd37f68ab78260acc
2017-10-29 08:23:02 Address : 0bf1a95ccbcc28659090df5dd37f68ab78260acc
2017-10-29 08:23:02   ✘  08:23:02.474|  VM exception: BadInstruction
2017-10-29 08:23:02 Address : 0bf1a95ccbcc28659090df5dd37f68ab78260acc
2017-10-29 08:23:02 Address : 0bf1a95ccbcc28659090df5dd37f68ab78260acc
2017-10-29 08:23:02 Address : 0bf1a95ccbcc28659090df5dd37f68ab78260acc
2017-10-29 08:23:02 Address : 0bf1a95ccbcc28659090df5dd37f68ab78260acc
2017-10-29 08:23:02 Address : 0bf1a95ccbcc28659090df5dd37f68ab78260acc
2017-10-29 08:23:02 Address : 0bf1a95ccbcc28659090df5dd37f68ab78260acc
2017-10-29 08:23:02 Address : 0bf1a95ccbcc28659090df5dd37f68ab78260acc
2017-10-29 08:23:02 Address : 0bf1a95ccbcc28659090df5dd37f68ab78260acc
2017-10-29 08:23:02 Address : 0bf1a95ccbcc28659090df5dd37f68ab78260acc
2017-10-29 08:23:02 Address : 0bf1a95ccbcc28659090df5dd37f68ab78260acc
2017-10-29 08:23:02 Address : 0bf1a95ccbcc28659090df5dd37f68ab78260acc
2017-10-29 08:23:02 Address : 0bf1a95ccbcc28659090df5dd37f68ab78260acc
2017-10-29 08:23:02 Address : 0bf1a95ccbcc28659090df5dd37f68ab78260acc
2017-10-29 08:23:02   ✘  08:23:02.986|  VM exception: BadInstruction
2017-10-29 08:23:02 Address : 0bf1a95ccbcc28659090df5dd37f68ab78260acc
2017-10-29 08:23:03 Address : 0bf1a95ccbcc28659090df5dd37f68ab78260acc
2017-10-29 08:23:03   ✘  08:23:03.067|  VM exception: BadInstruction
2017-10-29 08:23:03 Address : 0bf1a95ccbcc28659090df5dd37f68ab78260acc
2017-10-29 08:23:03 Address : 0bf1a95ccbcc28659090df5dd37f68ab78260acc
2017-10-29 08:23:03   ✘  08:23:03.079|  VM exception: BadInstruction
2017-10-29 08:23:03 Address : 0bf1a95ccbcc28659090df5dd37f68ab78260acc
2017-10-29 08:23:03   ✘  08:23:03.192|  VM exception: BadInstruction
2017-10-29 08:23:03 Address : 0bf1a95ccbcc28659090df5dd37f68ab78260acc
2017-10-29 08:23:03   ✘  08:23:03.204|  VM exception: BadInstruction
2017-10-29 08:23:03 Address : 0bf1a95ccbcc28659090df5dd37f68ab78260acc
2017-10-29 08:23:03 Address : 0bf1a95ccbcc28659090df5dd37f68ab78260acc
2017-10-29 08:23:03   ✘  08:23:03.224|  VM exception: BadInstruction
2017-10-29 08:23:03 Address : 0bf1a95ccbcc28659090df5dd37f68ab78260acc
2017-10-29 08:23:03 Address : 0bf1a95ccbcc28659090df5dd37f68ab78260acc
2017-10-29 08:23:03 Address : 0bf1a95ccbcc28659090df5dd37f68ab78260acc
2017-10-29 08:23:03   ✘  08:23:03.334|  VM exception: BadInstruction
2017-10-29 08:23:03 Address : 0bf1a95ccbcc28659090df5dd37f68ab78260acc
2017-10-29 08:23:03   ✘  08:23:03.376|  VM exception: BadInstruction
2017-10-29 08:23:03 Address : 0bf1a95ccbcc28659090df5dd37f68ab78260acc
2017-10-29 08:23:03   ✘  08:23:03.384|  VM exception: BadInstruction
2017-10-29 08:23:03 Address : 0bf1a95ccbcc28659090df5dd37f68ab78260acc
2017-10-29 08:23:03 Address : 0bf1a95ccbcc28659090df5dd37f68ab78260acc
2017-10-29 08:23:03 Address : 0bf1a95ccbcc28659090df5dd37f68ab78260acc
2017-10-29 08:23:03   ✘  08:23:03.410|  VM exception: BadInstruction
2017-10-29 08:23:03 Address : 0bf1a95ccbcc28659090df5dd37f68ab78260acc
2017-10-29 08:23:03   ✘  08:23:03.434|  VM exception: BadInstruction
2017-10-29 08:23:03 Address : 0bf1a95ccbcc28659090df5dd37f68ab78260acc
2017-10-29 08:23:03   ✘  08:23:03.453|  VM exception: BadInstruction
2017-10-29 08:23:03 Address : 0bf1a95ccbcc28659090df5dd37f68ab78260acc
2017-10-29 08:23:03   ✘  08:23:03.461|  VM exception: BadInstruction
2017-10-29 08:23:03 Address : 18269b22bbe35e62c943340dadd2da0bebf14c62
2017-10-29 08:23:03   ✘  08:23:03.464|  VM exception: BadInstruction
2017-10-29 08:23:03 Address : 0bf1a95ccbcc28659090df5dd37f68ab78260acc
2017-10-29 08:23:03   ✘  08:23:03.503|  VM exception: BadInstruction
2017-10-29 08:23:03 Address : 0bf1a95ccbcc28659090df5dd37f68ab78260acc
2017-10-29 08:23:03   ✘  08:23:03.531|  VM exception: BadInstruction
2017-10-29 08:23:03 Address : 0bf1a95ccbcc28659090df5dd37f68ab78260acc
2017-10-29 08:23:03   ✘  08:23:03.567|  VM exception: BadInstruction
2017-10-29 08:23:03 Address : 0bf1a95ccbcc28659090df5dd37f68ab78260acc
2017-10-29 08:23:03   ✘  08:23:03.586|  VM exception: BadInstruction
2017-10-29 08:23:03 Address : 18269b22bbe35e62c943340dadd2da0bebf14c62
2017-10-29 08:23:03   ✘  08:23:03.593|  VM exception: BadInstruction
2017-10-29 08:23:03 Address : 0bf1a95ccbcc28659090df5dd37f68ab78260acc
2017-10-29 08:23:03   ✘  08:23:03.614|  VM exception: BadInstruction
2017-10-29 08:23:03 Address : 0bf1a95ccbcc28659090df5dd37f68ab78260acc
2017-10-29 08:23:03   ✘  08:23:03.637|  VM exception: BadInstruction
2017-10-29 08:23:03 Address : 0bf1a95ccbcc28659090df5dd37f68ab78260acc
2017-10-29 08:23:03   ✘  08:23:03.662|  VM exception: BadInstruction
2017-10-29 08:23:03 Address : 18269b22bbe35e62c943340dadd2da0bebf14c62
2017-10-29 08:23:03 Address : 0bf1a95ccbcc28659090df5dd37f68ab78260acc
2017-10-29 08:23:03 Address : 0bf1a95ccbcc28659090df5dd37f68ab78260acc
2017-10-29 08:23:03 Address : 0bf1a95ccbcc28659090df5dd37f68ab78260acc
2017-10-29 08:23:03 Address : 0bf1a95ccbcc28659090df5dd37f68ab78260acc
2017-10-29 08:23:03 Address : 0bf1a95ccbcc28659090df5dd37f68ab78260acc
2017-10-29 08:23:04   ✘  08:23:04.196|  VM exception: BadInstruction
2017-10-29 08:23:04 Address : 0bf1a95ccbcc28659090df5dd37f68ab78260acc
2017-10-29 08:23:04 Address : 0bf1a95ccbcc28659090df5dd37f68ab78260acc
2017-10-29 08:23:04   ✘  08:23:04.479|  VM exception: BadInstruction
2017-10-29 08:23:04 Address : 0bf1a95ccbcc28659090df5dd37f68ab78260acc
2017-10-29 08:23:04   ✘  08:23:04.491|  VM exception: BadInstruction
2017-10-29 08:23:04 Address : 0bf1a95ccbcc28659090df5dd37f68ab78260acc
2017-10-29 08:23:04   ✘  08:23:04.530|  VM exception: BadInstruction
2017-10-29 08:23:04 Address : 0bf1a95ccbcc28659090df5dd37f68ab78260acc
2017-10-29 08:23:04 Address : 0bf1a95ccbcc28659090df5dd37f68ab78260acc
2017-10-29 08:23:04   ✘  08:23:04.745|  VM exception: BadInstruction
2017-10-29 08:23:04 Address : 0bf1a95ccbcc28659090df5dd37f68ab78260acc
2017-10-29 08:23:04 Address : 0bf1a95ccbcc28659090df5dd37f68ab78260acc
2017-10-29 08:23:04 Address : 9d3d4cc1986d81f9109f2b091b7732e7d9bcf63b
2017-10-29 08:23:04   ✘  08:23:04.783|  VM exception: BadInstruction
2017-10-29 08:23:04 Address : 0bf1a95ccbcc28659090df5dd37f68ab78260acc
2017-10-29 08:23:04   ✘  08:23:04.790|  VM exception: BadInstruction
2017-10-29 08:23:04 Address : 0bf1a95ccbcc28659090df5dd37f68ab78260acc
2017-10-29 08:23:04 Address : 9d3d4cc1986d81f9109f2b091b7732e7d9bcf63b
2017-10-29 08:23:04 Address : 9d3d4cc1986d81f9109f2b091b7732e7d9bcf63b
2017-10-29 08:23:04   ✘  08:23:04.809|  VM exception: BadInstruction
2017-10-29 08:23:04 Address : 0bf1a95ccbcc28659090df5dd37f68ab78260acc
2017-10-29 08:23:04 Address : 9d3d4cc1986d81f9109f2b091b7732e7d9bcf63b
2017-10-29 08:23:04 Address : 9d3d4cc1986d81f9109f2b091b7732e7d9bcf63b
2017-10-29 08:23:04 Address : 9d3d4cc1986d81f9109f2b091b7732e7d9bcf63b
2017-10-29 08:23:04 Address : 9d3d4cc1986d81f9109f2b091b7732e7d9bcf63b
2017-10-29 08:23:04 Address : 9d3d4cc1986d81f9109f2b091b7732e7d9bcf63b
2017-10-29 08:23:04 Address : 9d3d4cc1986d81f9109f2b091b7732e7d9bcf63b
2017-10-29 08:23:04 Address : 0bf1a95ccbcc28659090df5dd37f68ab78260acc
2017-10-29 08:23:04 Address : 9d3d4cc1986d81f9109f2b091b7732e7d9bcf63b
2017-10-29 08:23:04 Address : 0bf1a95ccbcc28659090df5dd37f68ab78260acc
2017-10-29 08:23:04 Address : 9d3d4cc1986d81f9109f2b091b7732e7d9bcf63b
2017-10-29 08:23:04 Address : 9d3d4cc1986d81f9109f2b091b7732e7d9bcf63b
2017-10-29 08:23:04 Address : 0bf1a95ccbcc28659090df5dd37f68ab78260acc
2017-10-29 08:23:04 Address : 0bf1a95ccbcc28659090df5dd37f68ab78260acc
2017-10-29 08:23:04 Address : 9d3d4cc1986d81f9109f2b091b7732e7d9bcf63b
2017-10-29 08:23:04 Address : 9d3d4cc1986d81f9109f2b091b7732e7d9bcf63b
2017-10-29 08:23:04 Address : 0bf1a95ccbcc28659090df5dd37f68ab78260acc
2017-10-29 08:23:04 Address : 9d3d4cc1986d81f9109f2b091b7732e7d9bcf63b
2017-10-29 08:23:04 Address : 9d3d4cc1986d81f9109f2b091b7732e7d9bcf63b
2017-10-29 08:23:04 Address : 9d3d4cc1986d81f9109f2b091b7732e7d9bcf63b
2017-10-29 08:23:04 Address : 9d3d4cc1986d81f9109f2b091b7732e7d9bcf63b
2017-10-29 08:23:04 Address : 9d3d4cc1986d81f9109f2b091b7732e7d9bcf63b
2017-10-29 08:23:04 Address : 0bf1a95ccbcc28659090df5dd37f68ab78260acc
2017-10-29 08:23:04   ✘  08:23:04.985|  VM exception: BadInstruction
2017-10-29 08:23:04 Address : 0bf1a95ccbcc28659090df5dd37f68ab78260acc
2017-10-29 08:23:04 Address : 9d3d4cc1986d81f9109f2b091b7732e7d9bcf63b
2017-10-29 08:23:04 Address : 9d3d4cc1986d81f9109f2b091b7732e7d9bcf63b
2017-10-29 08:23:05 Address : 9d3d4cc1986d81f9109f2b091b7732e7d9bcf63b
2017-10-29 08:23:05 Address : 0bf1a95ccbcc28659090df5dd37f68ab78260acc
2017-10-29 08:23:05 Address : 9d3d4cc1986d81f9109f2b091b7732e7d9bcf63b
2017-10-29 08:23:05 Address : 9d3d4cc1986d81f9109f2b091b7732e7d9bcf63b
2017-10-29 08:23:05 Address : 9d3d4cc1986d81f9109f2b091b7732e7d9bcf63b
2017-10-29 08:23:05 Address : 9d3d4cc1986d81f9109f2b091b7732e7d9bcf63b
2017-10-29 08:23:05   ✘  08:23:05.562|  VM exception: BadInstruction
2017-10-29 08:23:05 Address : 9d3d4cc1986d81f9109f2b091b7732e7d9bcf63b
2017-10-29 08:23:05   ✘  08:23:05.580|  VM exception: BadInstruction
2017-10-29 08:23:05 Address : 9d3d4cc1986d81f9109f2b091b7732e7d9bcf63b
2017-10-29 08:23:05 Address : 9d3d4cc1986d81f9109f2b091b7732e7d9bcf63b
2017-10-29 08:23:05 Address : 9d3d4cc1986d81f9109f2b091b7732e7d9bcf63b
2017-10-29 08:23:05   ✘  08:23:05.922|  VM exception: BadInstruction
2017-10-29 08:23:05 Address : 0bf1a95ccbcc28659090df5dd37f68ab78260acc
2017-10-29 08:23:05   ✘  08:23:05.930|  VM exception: BadInstruction
2017-10-29 08:23:05 Address : 0bf1a95ccbcc28659090df5dd37f68ab78260acc
2017-10-29 08:23:06 Address : 9d3d4cc1986d81f9109f2b091b7732e7d9bcf63b
2017-10-29 08:23:06 Address : 0bf1a95ccbcc28659090df5dd37f68ab78260acc
2017-10-29 08:23:06 Address : 0bf1a95ccbcc28659090df5dd37f68ab78260acc
2017-10-29 08:23:06 Address : 0bf1a95ccbcc28659090df5dd37f68ab78260acc
2017-10-29 08:23:07 Address : 0bf1a95ccbcc28659090df5dd37f68ab78260acc
2017-10-29 08:23:07 Address : 0bf1a95ccbcc28659090df5dd37f68ab78260acc
2017-10-29 08:23:07 Address : 9d3d4cc1986d81f9109f2b091b7732e7d9bcf63b
2017-10-29 08:23:07 Address : 0bf1a95ccbcc28659090df5dd37f68ab78260acc
2017-10-29 08:23:07 Address : 9d3d4cc1986d81f9109f2b091b7732e7d9bcf63b
2017-10-29 08:23:07 Address : 0bf1a95ccbcc28659090df5dd37f68ab78260acc
2017-10-29 08:23:07 Address : 0bf1a95ccbcc28659090df5dd37f68ab78260acc
2017-10-29 08:23:07 Address : 0bf1a95ccbcc28659090df5dd37f68ab78260acc
2017-10-29 08:23:07 Address : 0bf1a95ccbcc28659090df5dd37f68ab78260acc
2017-10-29 08:23:08   ✘  08:23:08.018|  VM exception: BadInstruction
2017-10-29 08:23:08 Address : 0bf1a95ccbcc28659090df5dd37f68ab78260acc
2017-10-29 08:23:08 Address : 0bf1a95ccbcc28659090df5dd37f68ab78260acc
2017-10-29 08:23:08   ✘  08:23:08.036|  VM exception: BadInstruction
2017-10-29 08:23:08 Address : 0bf1a95ccbcc28659090df5dd37f68ab78260acc
2017-10-29 08:23:08   ✘  08:23:08.056|  VM exception: BadInstruction
2017-10-29 08:23:08 Address : 0bf1a95ccbcc28659090df5dd37f68ab78260acc
2017-10-29 08:23:08 Address : 9d3d4cc1986d81f9109f2b091b7732e7d9bcf63b
2017-10-29 08:23:08 Address : 0bf1a95ccbcc28659090df5dd37f68ab78260acc
2017-10-29 08:23:08   ✘  08:23:08.121|  VM exception: BadInstruction
2017-10-29 08:23:08 Address : 0bf1a95ccbcc28659090df5dd37f68ab78260acc
2017-10-29 08:23:08 Address : 9d3d4cc1986d81f9109f2b091b7732e7d9bcf63b
2017-10-29 08:23:08 Address : 9d3d4cc1986d81f9109f2b091b7732e7d9bcf63b
2017-10-29 08:23:08   ✘  08:23:08.178|  VM exception: BadInstruction
2017-10-29 08:23:08 Address : 0bf1a95ccbcc28659090df5dd37f68ab78260acc
2017-10-29 08:23:08 Address : f13f51550faaf698d09fdcc74d79335bfe19e062
2017-10-29 08:23:08 Address : 9d3d4cc1986d81f9109f2b091b7732e7d9bcf63b
2017-10-29 08:23:08 Address : 35e03a4a83f82c834ae647e3955de5c7fc150241
2017-10-29 08:26:10 Address : 0bf1a95ccbcc28659090df5dd37f68ab78260acc
