2017-10-29 08:16:39 










2017-10-29 08:16:39 ...  08:16:39.583|  Opened state DB.
2017-10-29 08:16:39 ...  08:16:39.596|  Opened state DB.
2017-10-29 08:23:09   ✘  08:23:09.762|  VM exception: BadJumpDestination
2017-10-29 08:23:09 Address : 0000000000000000000000000000000000000081
2017-10-29 08:23:09 Address : 0000000000000000000000000000000000000081
2017-10-29 08:23:10 Address : 0000000000000000000000000000000000000082
2017-10-29 08:23:10 Address : 0000000000000000000000000000000000000083
2017-10-29 08:23:10 Address : 0000000000000000000000000000000000000084
2017-10-29 08:23:10 Address : 0000000000000000000000000000000000000080
2017-10-29 08:24:28   ✘  08:24:28.518|  VM exception: OutOfGas
2017-10-29 08:24:28 Address : 277719f82ed649c5d9cdd8698b5107b827543e04
2017-10-29 08:25:18 Address : 277719f82ed649c5d9cdd8698b5107b827543e04
2017-10-29 08:25:20 Address : 277719f82ed649c5d9cdd8698b5107b827543e04
2017-10-29 08:25:22 Address : fbb3be981b61eee7f4c7cefcf02c97056323117c
2017-10-29 08:25:22 Address : fbb3be981b61eee7f4c7cefcf02c97056323117c
2017-10-29 08:25:22 Address : fbb3be981b61eee7f4c7cefcf02c97056323117c
2017-10-29 08:25:22 Address : fbb3be981b61eee7f4c7cefcf02c97056323117c
2017-10-29 08:25:49 Address : fbb3be981b61eee7f4c7cefcf02c97056323117c
2017-10-29 08:25:49 Address : fbb3be981b61eee7f4c7cefcf02c97056323117c
2017-10-29 08:25:50 Address : fbb3be981b61eee7f4c7cefcf02c97056323117c
2017-10-29 08:25:50 Address : fbb3be981b61eee7f4c7cefcf02c97056323117c
2017-10-29 08:25:50 Address : fbb3be981b61eee7f4c7cefcf02c97056323117c
2017-10-29 08:25:53   ✘  08:25:53.063|  Not enough gas to pay for the transaction: Require > 357016  Got 25000
2017-10-29 08:25:53   ✘  08:25:53.063|  VM exception: OutOfGasBase
2017-10-29 08:26:13 Address : 8967bae43747688f7fb4ad0d5c12912938283e15
2017-10-29 08:26:13   ✘  08:26:13.673|  VM exception: OutOfGas
2017-10-29 08:26:13 Address : 8967bae43747688f7fb4ad0d5c12912938283e15
2017-10-29 08:26:13 Address : 8967bae43747688f7fb4ad0d5c12912938283e15
2017-10-29 08:26:13 Address : 8967bae43747688f7fb4ad0d5c12912938283e15
2017-10-29 08:26:13 Address : 8967bae43747688f7fb4ad0d5c12912938283e15
2017-10-29 08:26:16 Address : fbb3be981b61eee7f4c7cefcf02c97056323117c
2017-10-29 08:26:16 Address : fbb3be981b61eee7f4c7cefcf02c97056323117c
2017-10-29 08:26:16 Address : fbb3be981b61eee7f4c7cefcf02c97056323117c
2017-10-29 08:26:16 Address : fbb3be981b61eee7f4c7cefcf02c97056323117c
2017-10-29 08:26:16 Address : fbb3be981b61eee7f4c7cefcf02c97056323117c
2017-10-29 08:26:16 Address : fbb3be981b61eee7f4c7cefcf02c97056323117c
2017-10-29 08:26:16 Address : fbb3be981b61eee7f4c7cefcf02c97056323117c
2017-10-29 08:26:16 Address : fbb3be981b61eee7f4c7cefcf02c97056323117c
2017-10-29 08:26:16 Address : fbb3be981b61eee7f4c7cefcf02c97056323117c
2017-10-29 08:26:16 Address : fbb3be981b61eee7f4c7cefcf02c97056323117c
2017-10-29 08:26:17 Address : 057177bd385d27b518f16b4fb80a10b05e1aeb25
2017-10-29 08:26:17 Address : 057177bd385d27b518f16b4fb80a10b05e1aeb25
2017-10-29 08:26:17 Address : 057177bd385d27b518f16b4fb80a10b05e1aeb25
2017-10-29 08:26:17 Address : 9d3d4cc1986d81f9109f2b091b7732e7d9bcf63b
2017-10-29 08:26:17 Address : f17e8f6a5af59c5b16b0bd4b1e28d136db0333ba
2017-10-29 08:26:17   ✘  08:26:17.544|  VM exception: BadInstruction
2017-10-29 08:26:17 Address : f17e8f6a5af59c5b16b0bd4b1e28d136db0333ba
2017-10-29 08:26:17 Address : f17e8f6a5af59c5b16b0bd4b1e28d136db0333ba
2017-10-29 08:26:17 Address : fbb3be981b61eee7f4c7cefcf02c97056323117c
2017-10-29 08:26:17 Address : f17e8f6a5af59c5b16b0bd4b1e28d136db0333ba
2017-10-29 08:26:17   ✘  08:26:17.758|  VM exception: BadInstruction
2017-10-29 08:26:17 Address : f17e8f6a5af59c5b16b0bd4b1e28d136db0333ba
2017-10-29 08:26:17 Address : f17e8f6a5af59c5b16b0bd4b1e28d136db0333ba
2017-10-29 08:26:17 Address : f17e8f6a5af59c5b16b0bd4b1e28d136db0333ba
2017-10-29 08:26:17   ✘  08:26:17.778|  VM exception: BadInstruction
2017-10-29 08:26:17 Address : f17e8f6a5af59c5b16b0bd4b1e28d136db0333ba
2017-10-29 08:26:17   ✘  08:26:17.914|  VM exception: BadInstruction
2017-10-29 08:26:17 Address : 9d3d4cc1986d81f9109f2b091b7732e7d9bcf63b
2017-10-29 08:26:17 Address : fbb3be981b61eee7f4c7cefcf02c97056323117c
2017-10-29 08:26:20 Address : e8036e27bced3454315316099eb8ecc5c720ad26
2017-10-29 08:26:20 Address : fbb3be981b61eee7f4c7cefcf02c97056323117c
2017-10-29 08:26:20 Address : fbb3be981b61eee7f4c7cefcf02c97056323117c
2017-10-29 08:26:20 Address : fbb3be981b61eee7f4c7cefcf02c97056323117c
2017-10-29 08:26:20 Address : fbb3be981b61eee7f4c7cefcf02c97056323117c
2017-10-29 08:26:20 Address : fbb3be981b61eee7f4c7cefcf02c97056323117c
2017-10-29 08:26:20 Address : fbb3be981b61eee7f4c7cefcf02c97056323117c
2017-10-29 08:26:20 Address : fbb3be981b61eee7f4c7cefcf02c97056323117c
2017-10-29 08:26:21   ✘  08:26:21.442|  VM exception: BadInstruction
2017-10-29 08:26:21 Address : 9d3d4cc1986d81f9109f2b091b7732e7d9bcf63b
2017-10-29 08:26:21   ✘  08:26:21.530|  VM exception: BadInstruction
2017-10-29 08:26:21 Address : 9d3d4cc1986d81f9109f2b091b7732e7d9bcf63b
2017-10-29 08:26:21   ✘  08:26:21.534|  VM exception: BadInstruction
2017-10-29 08:26:21 Address : 9d3d4cc1986d81f9109f2b091b7732e7d9bcf63b
2017-10-29 08:26:22 Address : fbb3be981b61eee7f4c7cefcf02c97056323117c
2017-10-29 08:26:22 Address : fbb3be981b61eee7f4c7cefcf02c97056323117c
2017-10-29 08:26:22 Address : fbb3be981b61eee7f4c7cefcf02c97056323117c
2017-10-29 08:26:22 Address : fbb3be981b61eee7f4c7cefcf02c97056323117c
2017-10-29 08:26:24 Address : f17e8f6a5af59c5b16b0bd4b1e28d136db0333ba
2017-10-29 08:26:24 Address : f17e8f6a5af59c5b16b0bd4b1e28d136db0333ba
2017-10-29 08:26:28   ✘  08:26:28.231|  VM exception: BadInstruction
2017-10-29 08:26:28 Address : f17e8f6a5af59c5b16b0bd4b1e28d136db0333ba
2017-10-29 08:26:28 Address : 18269b22bbe35e62c943340dadd2da0bebf14c62
2017-10-29 08:26:28 Address : f17e8f6a5af59c5b16b0bd4b1e28d136db0333ba
2017-10-29 08:26:28   ✘  08:26:28.432|  VM exception: BadInstruction
2017-10-29 08:26:28 Address : 18269b22bbe35e62c943340dadd2da0bebf14c62
2017-10-29 08:26:28   ✘  08:26:28.439|  VM exception: BadInstruction
2017-10-29 08:26:28 Address : 18269b22bbe35e62c943340dadd2da0bebf14c62
2017-10-29 08:26:28 Address : f17e8f6a5af59c5b16b0bd4b1e28d136db0333ba
2017-10-29 08:26:28   ✘  08:26:28.615|  VM exception: BadInstruction
2017-10-29 08:26:28 Address : 18269b22bbe35e62c943340dadd2da0bebf14c62
2017-10-29 08:26:28   ✘  08:26:28.641|  VM exception: BadInstruction
2017-10-29 08:26:28 Address : 9d3d4cc1986d81f9109f2b091b7732e7d9bcf63b
2017-10-29 08:26:30 Address : 89086860fc7e9538fb12f50883e8bba1d77a1f12
2017-10-29 08:26:31   ✘  08:26:31.243|  VM exception: BadInstruction
2017-10-29 08:26:31 Address : 9d3d4cc1986d81f9109f2b091b7732e7d9bcf63b
2017-10-29 08:26:31 Address : 2887a4eb1786cf8b6b076fc8d9f04ad379f1e2d9
2017-10-29 08:26:31 Address : 5bfff978e827c7f33978cf47eeb895770b025e50
2017-10-29 08:26:31 Address : 4b4f41aa778dc9928c7f35844794c8405434a8d7
2017-10-29 08:26:31 Address : cf05fbebfea705ef4b87c512a83b879bc08d9a4c
2017-10-29 08:26:31 Address : b9fe4ba102c33ba078d90a2cb6fe8fa94fd114a1
2017-10-29 08:26:31 Address : 76d8d29556278caff59eeed063764aee2c581af4
2017-10-29 08:26:31 Address : cf05fbebfea705ef4b87c512a83b879bc08d9a4c
2017-10-29 08:26:31 Address : cf05fbebfea705ef4b87c512a83b879bc08d9a4c
2017-10-29 08:26:31 Address : 46c5b8ddcf0e69ba1496fbecd29ff98b7554af01
2017-10-29 08:26:31 Address : b9fe4ba102c33ba078d90a2cb6fe8fa94fd114a1
2017-10-29 08:26:31 Address : f17e8f6a5af59c5b16b0bd4b1e28d136db0333ba
2017-10-29 08:26:31 Address : f17e8f6a5af59c5b16b0bd4b1e28d136db0333ba
2017-10-29 08:26:31   ✘  08:26:31.729|  VM exception: BadInstruction
2017-10-29 08:26:31 Address : 18269b22bbe35e62c943340dadd2da0bebf14c62
2017-10-29 08:26:31 Address : f17e8f6a5af59c5b16b0bd4b1e28d136db0333ba
2017-10-29 08:26:31 Address : f17e8f6a5af59c5b16b0bd4b1e28d136db0333ba
2017-10-29 08:26:31 Address : 52e102a6fe4a138834e256e6236d23637ff9fda7
2017-10-29 08:26:31   ✘  08:26:31.781|  VM exception: BadInstruction
2017-10-29 08:26:31 Address : 18269b22bbe35e62c943340dadd2da0bebf14c62
2017-10-29 08:26:31 Address : f17e8f6a5af59c5b16b0bd4b1e28d136db0333ba
2017-10-29 08:26:31 Address : 18269b22bbe35e62c943340dadd2da0bebf14c62
2017-10-29 08:26:31 Address : f17e8f6a5af59c5b16b0bd4b1e28d136db0333ba
2017-10-29 08:26:31 Address : 412cc4b9b0c0774ae91a67d84fb53a9f14e2f7c6
2017-10-29 08:26:31 Address : f17e8f6a5af59c5b16b0bd4b1e28d136db0333ba
2017-10-29 08:26:32 Address : 6237856f6fad163aa173ba4bd6faa3732163e164
2017-10-29 08:26:32 Address : 4344b361db9c8cd11d8e5bc5538c80d15aaf81fe
2017-10-29 08:26:32 Address : 4715f8a4663dd0e864c6be9b21aecdae0fd83dc3
2017-10-29 08:26:32 Address : 4715f8a4663dd0e864c6be9b21aecdae0fd83dc3
2017-10-29 08:26:32 Address : 4715f8a4663dd0e864c6be9b21aecdae0fd83dc3
2017-10-29 08:26:32 Address : c2ce82c04d004197585dd6bf934cac4b10d25550
2017-10-29 08:26:32 Address : c2ce82c04d004197585dd6bf934cac4b10d25550
2017-10-29 08:26:32 Address : 547bc387c8494c6f2154cac4d648cf2f229f9914
2017-10-29 08:26:33 Address : a50b0cd7121e7c5f094bec270d22d42eeaae50ee
2017-10-29 08:26:33 Address : 1639b5491f4f1f5fabeb12f2f49bfb484bb815b9
2017-10-29 08:26:33 Address : 1639b5491f4f1f5fabeb12f2f49bfb484bb815b9
2017-10-29 08:26:33 Address : f17e8f6a5af59c5b16b0bd4b1e28d136db0333ba
2017-10-29 08:26:33 Address : 1639b5491f4f1f5fabeb12f2f49bfb484bb815b9
2017-10-29 08:26:33 Address : 6237856f6fad163aa173ba4bd6faa3732163e164
2017-10-29 08:26:33   ✘  08:26:33.693|  VM exception: BadInstruction
2017-10-29 08:26:33 Address : 4344b361db9c8cd11d8e5bc5538c80d15aaf81fe
2017-10-29 08:26:33   ✘  08:26:33.720|  VM exception: BadInstruction
2017-10-29 08:26:33 Address : 4344b361db9c8cd11d8e5bc5538c80d15aaf81fe
2017-10-29 08:26:33 Address : f17e8f6a5af59c5b16b0bd4b1e28d136db0333ba
2017-10-29 08:26:33   ✘  08:26:33.730|  VM exception: BadInstruction
2017-10-29 08:26:33 Address : 4344b361db9c8cd11d8e5bc5538c80d15aaf81fe
2017-10-29 08:26:33 Address : f17e8f6a5af59c5b16b0bd4b1e28d136db0333ba
2017-10-29 08:26:33 Address : b3f47968e5115e4fc0e0e65f594337b3d5da8b44
2017-10-29 08:26:33 Address : f17e8f6a5af59c5b16b0bd4b1e28d136db0333ba
2017-10-29 08:26:33 Address : b3f47968e5115e4fc0e0e65f594337b3d5da8b44
2017-10-29 08:26:33 Address : 412cc4b9b0c0774ae91a67d84fb53a9f14e2f7c6
2017-10-29 08:26:33 Address : b3f47968e5115e4fc0e0e65f594337b3d5da8b44
2017-10-29 08:26:33   ✘  08:26:33.884|  VM exception: BadInstruction
2017-10-29 08:26:33 Address : b3f47968e5115e4fc0e0e65f594337b3d5da8b44
2017-10-29 08:26:33 Address : f17e8f6a5af59c5b16b0bd4b1e28d136db0333ba
2017-10-29 08:26:33 Address : f17e8f6a5af59c5b16b0bd4b1e28d136db0333ba
2017-10-29 08:26:33   ✘  08:26:33.909|  VM exception: BadInstruction
2017-10-29 08:26:33 Address : b3f47968e5115e4fc0e0e65f594337b3d5da8b44
2017-10-29 08:26:33 Address : f17e8f6a5af59c5b16b0bd4b1e28d136db0333ba
2017-10-29 08:26:33 Address : f17e8f6a5af59c5b16b0bd4b1e28d136db0333ba
2017-10-29 08:26:33 Address : d4bbf43760d6bf03c185b5c864d104f02b6322ac
2017-10-29 08:26:33   ✘  08:26:33.923|  VM exception: BadInstruction
2017-10-29 08:26:33 Address : 6237856f6fad163aa173ba4bd6faa3732163e164
2017-10-29 08:26:33 Address : 6237856f6fad163aa173ba4bd6faa3732163e164
2017-10-29 08:26:33 Address : d4bbf43760d6bf03c185b5c864d104f02b6322ac
2017-10-29 08:26:33 Address : d4bbf43760d6bf03c185b5c864d104f02b6322ac
2017-10-29 08:26:33 Address : d4bbf43760d6bf03c185b5c864d104f02b6322ac
2017-10-29 08:26:33 Address : d4bbf43760d6bf03c185b5c864d104f02b6322ac
2017-10-29 08:26:33 Address : d4bbf43760d6bf03c185b5c864d104f02b6322ac
2017-10-29 08:26:33 Address : d4bbf43760d6bf03c185b5c864d104f02b6322ac
2017-10-29 08:26:33 Address : d4bbf43760d6bf03c185b5c864d104f02b6322ac
2017-10-29 08:26:34 Address : 6237856f6fad163aa173ba4bd6faa3732163e164
2017-10-29 08:26:34 Address : f13f51550faaf698d09fdcc74d79335bfe19e062
2017-10-29 08:26:34 Address : f13f51550faaf698d09fdcc74d79335bfe19e062
2017-10-29 08:26:34 Address : d4bbf43760d6bf03c185b5c864d104f02b6322ac
2017-10-29 08:26:34 Address : d4bbf43760d6bf03c185b5c864d104f02b6322ac
2017-10-29 08:26:34 Address : d4bbf43760d6bf03c185b5c864d104f02b6322ac
2017-10-29 08:26:34 Address : d4bbf43760d6bf03c185b5c864d104f02b6322ac
2017-10-29 08:26:34 Address : d4bbf43760d6bf03c185b5c864d104f02b6322ac
2017-10-29 08:26:34 Address : e0033a6013763a1893c563908c86405d12de955f
2017-10-29 08:26:34 Address : d4bbf43760d6bf03c185b5c864d104f02b6322ac
2017-10-29 08:26:34 Address : d4bbf43760d6bf03c185b5c864d104f02b6322ac
2017-10-29 08:26:34 Address : d4bbf43760d6bf03c185b5c864d104f02b6322ac
2017-10-29 08:26:34 Address : e0033a6013763a1893c563908c86405d12de955f
2017-10-29 08:26:34 Address : d4bbf43760d6bf03c185b5c864d104f02b6322ac
2017-10-29 08:26:34 Address : d4bbf43760d6bf03c185b5c864d104f02b6322ac
2017-10-29 08:26:34 Address : d4bbf43760d6bf03c185b5c864d104f02b6322ac
2017-10-29 08:26:34 Address : b9fe4ba102c33ba078d90a2cb6fe8fa94fd114a1
2017-10-29 08:26:34 Address : d4bbf43760d6bf03c185b5c864d104f02b6322ac
2017-10-29 08:26:34 Address : d4bbf43760d6bf03c185b5c864d104f02b6322ac
2017-10-29 08:26:34 Address : b9fe4ba102c33ba078d90a2cb6fe8fa94fd114a1
2017-10-29 08:26:34 Address : b9fe4ba102c33ba078d90a2cb6fe8fa94fd114a1
2017-10-29 08:26:35 Address : fe59cbc1704e89a698571413a81f0de9d8f00c69
2017-10-29 08:26:35 Address : 0bf1a95ccbcc28659090df5dd37f68ab78260acc
2017-10-29 08:26:35 Address : fe59cbc1704e89a698571413a81f0de9d8f00c69
2017-10-29 08:26:35 Address : bbb7e606e58086d6b8086f05cefdfd4418327940
2017-10-29 08:26:35 Address : 4d63a89bce12ec4266d1cf344a9240f70a575379
2017-10-29 08:26:35   ✘  08:26:35.538|  VM exception: BadInstruction
2017-10-29 08:26:35 Address : 0bf1a95ccbcc28659090df5dd37f68ab78260acc
2017-10-29 08:26:35 Address : 1639b5491f4f1f5fabeb12f2f49bfb484bb815b9
2017-10-29 08:26:35 Address : 0bf1a95ccbcc28659090df5dd37f68ab78260acc
2017-10-29 08:26:35 Address : 1639b5491f4f1f5fabeb12f2f49bfb484bb815b9
2017-10-29 08:26:35 Address : 1639b5491f4f1f5fabeb12f2f49bfb484bb815b9
2017-10-29 08:26:35   ✘  08:26:35.588|  VM exception: BadInstruction
2017-10-29 08:26:35 Address : 0bf1a95ccbcc28659090df5dd37f68ab78260acc
2017-10-29 08:26:35 Address : 0bf1a95ccbcc28659090df5dd37f68ab78260acc
2017-10-29 08:26:35 Address : 0bf1a95ccbcc28659090df5dd37f68ab78260acc
2017-10-29 08:26:36 Address : 0bf1a95ccbcc28659090df5dd37f68ab78260acc
2017-10-29 08:26:36 Address : 0bf1a95ccbcc28659090df5dd37f68ab78260acc
2017-10-29 08:26:36 Address : 0bf1a95ccbcc28659090df5dd37f68ab78260acc
2017-10-29 08:26:36 Address : 0bf1a95ccbcc28659090df5dd37f68ab78260acc
2017-10-29 08:26:36 Address : 0bf1a95ccbcc28659090df5dd37f68ab78260acc
2017-10-29 08:26:36 Address : 0bf1a95ccbcc28659090df5dd37f68ab78260acc
2017-10-29 08:26:36 Address : 0bf1a95ccbcc28659090df5dd37f68ab78260acc
2017-10-29 08:26:36 Address : 0bf1a95ccbcc28659090df5dd37f68ab78260acc
2017-10-29 08:26:36 Address : 0bf1a95ccbcc28659090df5dd37f68ab78260acc
2017-10-29 08:26:36 Address : 0bf1a95ccbcc28659090df5dd37f68ab78260acc
2017-10-29 08:26:36 Address : 0bf1a95ccbcc28659090df5dd37f68ab78260acc
2017-10-29 08:26:36 Address : 0bf1a95ccbcc28659090df5dd37f68ab78260acc
2017-10-29 08:26:36 Address : 0bf1a95ccbcc28659090df5dd37f68ab78260acc
2017-10-29 08:26:36 Address : 0bf1a95ccbcc28659090df5dd37f68ab78260acc
2017-10-29 08:26:36 Address : 0bf1a95ccbcc28659090df5dd37f68ab78260acc
2017-10-29 08:26:36 Address : 0bf1a95ccbcc28659090df5dd37f68ab78260acc
2017-10-29 08:26:36 Address : 0bf1a95ccbcc28659090df5dd37f68ab78260acc
2017-10-29 08:26:36 Address : 0bf1a95ccbcc28659090df5dd37f68ab78260acc
2017-10-29 08:26:36 Address : 0bf1a95ccbcc28659090df5dd37f68ab78260acc
2017-10-29 08:26:36 Address : 0bf1a95ccbcc28659090df5dd37f68ab78260acc
2017-10-29 08:26:36 Address : 0bf1a95ccbcc28659090df5dd37f68ab78260acc
2017-10-29 08:26:36 Address : 0bf1a95ccbcc28659090df5dd37f68ab78260acc
2017-10-29 08:26:36 Address : 0bf1a95ccbcc28659090df5dd37f68ab78260acc
2017-10-29 08:26:36 Address : 0bf1a95ccbcc28659090df5dd37f68ab78260acc
2017-10-29 08:26:36 Address : 0bf1a95ccbcc28659090df5dd37f68ab78260acc
2017-10-29 08:26:36 Address : 0bf1a95ccbcc28659090df5dd37f68ab78260acc
2017-10-29 08:26:36 Address : 1639b5491f4f1f5fabeb12f2f49bfb484bb815b9
2017-10-29 08:26:36 Address : 0bf1a95ccbcc28659090df5dd37f68ab78260acc
2017-10-29 08:26:36 Address : 0bf1a95ccbcc28659090df5dd37f68ab78260acc
2017-10-29 08:26:36 Address : 0bf1a95ccbcc28659090df5dd37f68ab78260acc
2017-10-29 08:26:36 Address : 0bf1a95ccbcc28659090df5dd37f68ab78260acc
2017-10-29 08:26:36 Address : 0bf1a95ccbcc28659090df5dd37f68ab78260acc
2017-10-29 08:26:36 Address : 0bf1a95ccbcc28659090df5dd37f68ab78260acc
2017-10-29 08:26:36 Address : 0bf1a95ccbcc28659090df5dd37f68ab78260acc
2017-10-29 08:26:36 Address : 0bf1a95ccbcc28659090df5dd37f68ab78260acc
2017-10-29 08:26:36 Address : 0bf1a95ccbcc28659090df5dd37f68ab78260acc
2017-10-29 08:26:36 Address : 0bf1a95ccbcc28659090df5dd37f68ab78260acc
2017-10-29 08:26:36 Address : 0bf1a95ccbcc28659090df5dd37f68ab78260acc
2017-10-29 08:26:36 Address : 0bf1a95ccbcc28659090df5dd37f68ab78260acc
2017-10-29 08:26:36 Address : 0bf1a95ccbcc28659090df5dd37f68ab78260acc
2017-10-29 08:26:36 Address : 0bf1a95ccbcc28659090df5dd37f68ab78260acc
2017-10-29 08:26:36 Address : 0bf1a95ccbcc28659090df5dd37f68ab78260acc
2017-10-29 08:26:36 Address : 0bf1a95ccbcc28659090df5dd37f68ab78260acc
2017-10-29 08:26:36 Address : 0bf1a95ccbcc28659090df5dd37f68ab78260acc
2017-10-29 08:26:36 Address : 0bf1a95ccbcc28659090df5dd37f68ab78260acc
2017-10-29 08:26:36 Address : 0bf1a95ccbcc28659090df5dd37f68ab78260acc
2017-10-29 08:26:36 Address : 0bf1a95ccbcc28659090df5dd37f68ab78260acc
2017-10-29 08:26:36 Address : 0bf1a95ccbcc28659090df5dd37f68ab78260acc
2017-10-29 08:26:36 Address : 0bf1a95ccbcc28659090df5dd37f68ab78260acc
2017-10-29 08:26:36 Address : 0bf1a95ccbcc28659090df5dd37f68ab78260acc
2017-10-29 08:26:36 Address : 0bf1a95ccbcc28659090df5dd37f68ab78260acc
2017-10-29 08:26:36 Address : 0bf1a95ccbcc28659090df5dd37f68ab78260acc
2017-10-29 08:26:36 Address : 0bf1a95ccbcc28659090df5dd37f68ab78260acc
2017-10-29 08:26:36 Address : 0bf1a95ccbcc28659090df5dd37f68ab78260acc
2017-10-29 08:26:36 Address : 0bf1a95ccbcc28659090df5dd37f68ab78260acc
2017-10-29 08:26:36 Address : 0bf1a95ccbcc28659090df5dd37f68ab78260acc
2017-10-29 08:26:36 Address : 0bf1a95ccbcc28659090df5dd37f68ab78260acc
2017-10-29 08:26:36 Address : 0bf1a95ccbcc28659090df5dd37f68ab78260acc
2017-10-29 08:26:36 Address : 0bf1a95ccbcc28659090df5dd37f68ab78260acc
2017-10-29 08:26:36 Address : 0bf1a95ccbcc28659090df5dd37f68ab78260acc
2017-10-29 08:26:36 Address : 0bf1a95ccbcc28659090df5dd37f68ab78260acc
2017-10-29 08:26:36 Address : 0bf1a95ccbcc28659090df5dd37f68ab78260acc
2017-10-29 08:26:36 Address : 0bf1a95ccbcc28659090df5dd37f68ab78260acc
2017-10-29 08:26:36 Address : edd54fb05865dc904a39d45adad26d6c15a2ee08
2017-10-29 08:26:36 Address : 0c3ba6d52d90e9876f8543bb2602006e8853074e
2017-10-29 08:26:37 Address : 17dbc918be137b57e62ae2e09510cbc189439318
2017-10-29 08:26:37 Address : 2da3fdb8ee0493f5305f1460ed86cf9c6e9c6e98
2017-10-29 08:26:37 Address : 2561bb4ab69c42b0a50cf7523dca6deeec68c312
2017-10-29 08:26:37   ✘  08:26:37.050|  Not enough gas to pay for the transaction: Require > 367920  Got 100000
2017-10-29 08:26:37   ✘  08:26:37.050|  VM exception: OutOfGasBase
2017-10-29 08:26:37   ✘  08:26:37.051|  Not enough gas to pay for the transaction: Require > 367984  Got 100000
2017-10-29 08:26:37   ✘  08:26:37.052|  VM exception: OutOfGasBase
2017-10-29 08:26:37 Address : f13f51550faaf698d09fdcc74d79335bfe19e062
2017-10-29 08:26:37 Address : 31a97fd17ed0558e9b97b79013044b3d682889ab
2017-10-29 08:26:37 Address : f13f51550faaf698d09fdcc74d79335bfe19e062
2017-10-29 08:26:37   ✘  08:26:37.112|  VM exception: BadInstruction
2017-10-29 08:26:37 Address : f13f51550faaf698d09fdcc74d79335bfe19e062
2017-10-29 08:26:37 Address : f13f51550faaf698d09fdcc74d79335bfe19e062
2017-10-29 08:26:37   ✘  08:26:37.132|  VM exception: BadInstruction
2017-10-29 08:26:37 Address : f13f51550faaf698d09fdcc74d79335bfe19e062
2017-10-29 08:26:37   ✘  08:26:37.142|  VM exception: BadInstruction
2017-10-29 08:26:37 Address : f13f51550faaf698d09fdcc74d79335bfe19e062
2017-10-29 08:26:37 Address : f13f51550faaf698d09fdcc74d79335bfe19e062
2017-10-29 08:26:37 Address : f13f51550faaf698d09fdcc74d79335bfe19e062
2017-10-29 08:26:37 Address : 0bf1a95ccbcc28659090df5dd37f68ab78260acc
2017-10-29 08:26:37 Address : 0bf1a95ccbcc28659090df5dd37f68ab78260acc
2017-10-29 08:26:37 Address : 0bf1a95ccbcc28659090df5dd37f68ab78260acc
2017-10-29 08:26:37 Address : 0bf1a95ccbcc28659090df5dd37f68ab78260acc
2017-10-29 08:26:37 Address : 0bf1a95ccbcc28659090df5dd37f68ab78260acc
2017-10-29 08:26:37 Address : 0bf1a95ccbcc28659090df5dd37f68ab78260acc
2017-10-29 08:26:37 Address : 0bf1a95ccbcc28659090df5dd37f68ab78260acc
2017-10-29 08:26:37 Address : 0bf1a95ccbcc28659090df5dd37f68ab78260acc
2017-10-29 08:26:37 Address : 0bf1a95ccbcc28659090df5dd37f68ab78260acc
2017-10-29 08:26:37 Address : 0bf1a95ccbcc28659090df5dd37f68ab78260acc
2017-10-29 08:26:38 Address : 0bf1a95ccbcc28659090df5dd37f68ab78260acc
2017-10-29 08:26:38 Address : 0bf1a95ccbcc28659090df5dd37f68ab78260acc
2017-10-29 08:26:38 Address : 4d63a89bce12ec4266d1cf344a9240f70a575379
2017-10-29 08:26:38 Address : 0bf1a95ccbcc28659090df5dd37f68ab78260acc
2017-10-29 08:26:38   ✘  08:26:38.236|  VM exception: BadInstruction
2017-10-29 08:26:38 Address : 0bf1a95ccbcc28659090df5dd37f68ab78260acc
2017-10-29 08:26:38 Address : 0bf1a95ccbcc28659090df5dd37f68ab78260acc
2017-10-29 08:26:38 Address : 0bf1a95ccbcc28659090df5dd37f68ab78260acc
2017-10-29 08:26:38 Address : 0bf1a95ccbcc28659090df5dd37f68ab78260acc
2017-10-29 08:26:38 Address : 0bf1a95ccbcc28659090df5dd37f68ab78260acc
2017-10-29 08:26:38 Address : 0bf1a95ccbcc28659090df5dd37f68ab78260acc
2017-10-29 08:26:38 Address : 0bf1a95ccbcc28659090df5dd37f68ab78260acc
2017-10-29 08:26:38 Address : 0bf1a95ccbcc28659090df5dd37f68ab78260acc
2017-10-29 08:26:38 Address : 0bf1a95ccbcc28659090df5dd37f68ab78260acc
2017-10-29 08:26:38   ✘  08:26:38.318|  VM exception: BadInstruction
2017-10-29 08:26:38 Address : 0bf1a95ccbcc28659090df5dd37f68ab78260acc
2017-10-29 08:26:38 Address : 0bf1a95ccbcc28659090df5dd37f68ab78260acc
2017-10-29 08:26:38 Address : 0bf1a95ccbcc28659090df5dd37f68ab78260acc
2017-10-29 08:26:38 Address : 0bf1a95ccbcc28659090df5dd37f68ab78260acc
2017-10-29 08:26:38 Address : 0bf1a95ccbcc28659090df5dd37f68ab78260acc
2017-10-29 08:26:38 Address : 0bf1a95ccbcc28659090df5dd37f68ab78260acc
2017-10-29 08:26:38 Address : 0bf1a95ccbcc28659090df5dd37f68ab78260acc
2017-10-29 08:26:38 Address : 0bf1a95ccbcc28659090df5dd37f68ab78260acc
2017-10-29 08:26:38 Address : 0bf1a95ccbcc28659090df5dd37f68ab78260acc
2017-10-29 08:26:38 Address : 0bf1a95ccbcc28659090df5dd37f68ab78260acc
2017-10-29 08:26:38 Address : 0bf1a95ccbcc28659090df5dd37f68ab78260acc
2017-10-29 08:26:38 Address : 0bf1a95ccbcc28659090df5dd37f68ab78260acc
2017-10-29 08:26:38 Address : 0bf1a95ccbcc28659090df5dd37f68ab78260acc
2017-10-29 08:26:38 Address : 0bf1a95ccbcc28659090df5dd37f68ab78260acc
2017-10-29 08:26:38   ✘  08:26:38.369|  VM exception: BadInstruction
2017-10-29 08:26:38 Address : 0bf1a95ccbcc28659090df5dd37f68ab78260acc
2017-10-29 08:26:38 Address : 0bf1a95ccbcc28659090df5dd37f68ab78260acc
2017-10-29 08:26:38 Address : 0bf1a95ccbcc28659090df5dd37f68ab78260acc
2017-10-29 08:26:38 Address : 0bf1a95ccbcc28659090df5dd37f68ab78260acc
2017-10-29 08:26:38 Address : 0bf1a95ccbcc28659090df5dd37f68ab78260acc
2017-10-29 08:26:38 Address : 0bf1a95ccbcc28659090df5dd37f68ab78260acc
2017-10-29 08:26:38 Address : 0bf1a95ccbcc28659090df5dd37f68ab78260acc
2017-10-29 08:26:38   ✘  08:26:38.400|  VM exception: BadInstruction
2017-10-29 08:26:38 Address : 0bf1a95ccbcc28659090df5dd37f68ab78260acc
2017-10-29 08:26:38   ✘  08:26:38.405|  VM exception: BadInstruction
2017-10-29 08:26:38 Address : 0bf1a95ccbcc28659090df5dd37f68ab78260acc
2017-10-29 08:26:38   ✘  08:26:38.410|  VM exception: BadInstruction
2017-10-29 08:26:38 Address : 0bf1a95ccbcc28659090df5dd37f68ab78260acc
2017-10-29 08:26:38   ✘  08:26:38.415|  VM exception: BadInstruction
2017-10-29 08:26:38 Address : 0bf1a95ccbcc28659090df5dd37f68ab78260acc
2017-10-29 08:26:38 Address : 0bf1a95ccbcc28659090df5dd37f68ab78260acc
2017-10-29 08:26:38   ✘  08:26:38.430|  VM exception: StackUnderflow
2017-10-29 08:26:38   ✘  08:26:38.433|  VM exception: BadInstruction
2017-10-29 08:26:38 Address : 0bf1a95ccbcc28659090df5dd37f68ab78260acc
2017-10-29 08:26:38 Address : 0bf1a95ccbcc28659090df5dd37f68ab78260acc
2017-10-29 08:26:38 Address : 0bf1a95ccbcc28659090df5dd37f68ab78260acc
2017-10-29 08:26:38   ✘  08:26:38.453|  VM exception: BadInstruction
2017-10-29 08:26:38 Address : 0bf1a95ccbcc28659090df5dd37f68ab78260acc
2017-10-29 08:26:38 Address : 0bf1a95ccbcc28659090df5dd37f68ab78260acc
2017-10-29 08:26:38 Address : 0bf1a95ccbcc28659090df5dd37f68ab78260acc
2017-10-29 08:26:38 Address : 0bf1a95ccbcc28659090df5dd37f68ab78260acc
2017-10-29 08:26:38   ✘  08:26:38.468|  VM exception: BadInstruction
2017-10-29 08:26:38 Address : 0bf1a95ccbcc28659090df5dd37f68ab78260acc
2017-10-29 08:26:38   ✘  08:26:38.473|  VM exception: BadInstruction
2017-10-29 08:26:38 Address : 0bf1a95ccbcc28659090df5dd37f68ab78260acc
2017-10-29 08:26:38   ✘  08:26:38.482|  VM exception: BadInstruction
2017-10-29 08:26:38 Address : 0bf1a95ccbcc28659090df5dd37f68ab78260acc
2017-10-29 08:26:38 Address : 0bf1a95ccbcc28659090df5dd37f68ab78260acc
2017-10-29 08:26:38   ✘  08:26:38.495|  VM exception: BadInstruction
2017-10-29 08:26:38 Address : 0bf1a95ccbcc28659090df5dd37f68ab78260acc
2017-10-29 08:26:38   ✘  08:26:38.497|  VM exception: BadInstruction
2017-10-29 08:26:38 Address : 0bf1a95ccbcc28659090df5dd37f68ab78260acc
2017-10-29 08:26:38   ✘  08:26:38.503|  VM exception: BadInstruction
2017-10-29 08:26:38 Address : 0bf1a95ccbcc28659090df5dd37f68ab78260acc
2017-10-29 08:26:38 Address : 0bf1a95ccbcc28659090df5dd37f68ab78260acc
2017-10-29 08:26:38 Address : 0bf1a95ccbcc28659090df5dd37f68ab78260acc
2017-10-29 08:26:38 Address : 0bf1a95ccbcc28659090df5dd37f68ab78260acc
2017-10-29 08:26:38   ✘  08:26:38.523|  VM exception: BadInstruction
2017-10-29 08:26:38 Address : 0bf1a95ccbcc28659090df5dd37f68ab78260acc
2017-10-29 08:26:38 Address : 0bf1a95ccbcc28659090df5dd37f68ab78260acc
2017-10-29 08:26:38   ✘  08:26:38.533|  VM exception: BadInstruction
2017-10-29 08:26:38 Address : 0bf1a95ccbcc28659090df5dd37f68ab78260acc
2017-10-29 08:26:38 Address : 0bf1a95ccbcc28659090df5dd37f68ab78260acc
2017-10-29 08:26:38   ✘  08:26:38.548|  VM exception: BadInstruction
2017-10-29 08:26:38 Address : 0bf1a95ccbcc28659090df5dd37f68ab78260acc
2017-10-29 08:26:38 Address : 0bf1a95ccbcc28659090df5dd37f68ab78260acc
2017-10-29 08:26:38   ✘  08:26:38.561|  VM exception: BadInstruction
2017-10-29 08:26:38 Address : 0bf1a95ccbcc28659090df5dd37f68ab78260acc
2017-10-29 08:26:38 Address : 0bf1a95ccbcc28659090df5dd37f68ab78260acc
2017-10-29 08:26:38   ✘  08:26:38.580|  VM exception: BadInstruction
2017-10-29 08:26:38 Address : 0bf1a95ccbcc28659090df5dd37f68ab78260acc
2017-10-29 08:26:38   ✘  08:26:38.585|  VM exception: BadInstruction
2017-10-29 08:26:38 Address : 0bf1a95ccbcc28659090df5dd37f68ab78260acc
2017-10-29 08:26:38   ✘  08:26:38.595|  VM exception: StackUnderflow
2017-10-29 08:26:38   ✘  08:26:38.601|  VM exception: BadInstruction
2017-10-29 08:26:38 Address : 0bf1a95ccbcc28659090df5dd37f68ab78260acc
2017-10-29 08:26:38 Address : 0bf1a95ccbcc28659090df5dd37f68ab78260acc
2017-10-29 08:26:38 Address : 0bf1a95ccbcc28659090df5dd37f68ab78260acc
2017-10-29 08:26:38 Address : 0bf1a95ccbcc28659090df5dd37f68ab78260acc
2017-10-29 08:26:38   ✘  08:26:38.616|  VM exception: BadInstruction
2017-10-29 08:26:38 Address : 0bf1a95ccbcc28659090df5dd37f68ab78260acc
2017-10-29 08:26:38   ✘  08:26:38.621|  VM exception: BadInstruction
2017-10-29 08:26:38 Address : 0bf1a95ccbcc28659090df5dd37f68ab78260acc
2017-10-29 08:26:38 Address : 0bf1a95ccbcc28659090df5dd37f68ab78260acc
2017-10-29 08:26:38 Address : 0bf1a95ccbcc28659090df5dd37f68ab78260acc
2017-10-29 08:26:38   ✘  08:26:38.647|  VM exception: BadInstruction
2017-10-29 08:26:38 Address : 0bf1a95ccbcc28659090df5dd37f68ab78260acc
2017-10-29 08:26:38 Address : 0bf1a95ccbcc28659090df5dd37f68ab78260acc
2017-10-29 08:26:38   ✘  08:26:38.653|  VM exception: BadInstruction
2017-10-29 08:26:38 Address : 0bf1a95ccbcc28659090df5dd37f68ab78260acc
2017-10-29 08:26:38   ✘  08:26:38.670|  VM exception: BadInstruction
2017-10-29 08:26:38 Address : 0bf1a95ccbcc28659090df5dd37f68ab78260acc
2017-10-29 08:26:38 Address : 0bf1a95ccbcc28659090df5dd37f68ab78260acc
2017-10-29 08:26:38   ✘  08:26:38.692|  VM exception: BadInstruction
2017-10-29 08:26:38 Address : 0bf1a95ccbcc28659090df5dd37f68ab78260acc
2017-10-29 08:26:38 Address : 0bf1a95ccbcc28659090df5dd37f68ab78260acc
2017-10-29 08:26:38   ✘  08:26:38.698|  VM exception: BadInstruction
2017-10-29 08:26:38 Address : 0bf1a95ccbcc28659090df5dd37f68ab78260acc
2017-10-29 08:26:38 Address : 0bf1a95ccbcc28659090df5dd37f68ab78260acc
2017-10-29 08:26:38   ✘  08:26:38.710|  VM exception: StackUnderflow
2017-10-29 08:26:38 Address : 0bf1a95ccbcc28659090df5dd37f68ab78260acc
2017-10-29 08:26:38 Address : 0bf1a95ccbcc28659090df5dd37f68ab78260acc
2017-10-29 08:26:38 Address : 0bf1a95ccbcc28659090df5dd37f68ab78260acc
2017-10-29 08:26:38   ✘  08:26:38.752|  VM exception: BadInstruction
2017-10-29 08:26:38 Address : 0bf1a95ccbcc28659090df5dd37f68ab78260acc
2017-10-29 08:26:38 Address : 0bf1a95ccbcc28659090df5dd37f68ab78260acc
2017-10-29 08:26:38   ✘  08:26:38.796|  VM exception: BadInstruction
2017-10-29 08:26:38 Address : 0bf1a95ccbcc28659090df5dd37f68ab78260acc
2017-10-29 08:26:38 Address : 0bf1a95ccbcc28659090df5dd37f68ab78260acc
2017-10-29 08:26:38 Address : 0bf1a95ccbcc28659090df5dd37f68ab78260acc
2017-10-29 08:26:38 Address : 0bf1a95ccbcc28659090df5dd37f68ab78260acc
2017-10-29 08:26:38 Address : 0bf1a95ccbcc28659090df5dd37f68ab78260acc
2017-10-29 08:26:38 Address : 0bf1a95ccbcc28659090df5dd37f68ab78260acc
2017-10-29 08:26:38 Address : 0bf1a95ccbcc28659090df5dd37f68ab78260acc
2017-10-29 08:26:38 Address : 0bf1a95ccbcc28659090df5dd37f68ab78260acc
2017-10-29 08:26:38   ✘  08:26:38.943|  VM exception: BadInstruction
2017-10-29 08:26:38 Address : 0bf1a95ccbcc28659090df5dd37f68ab78260acc
2017-10-29 08:26:39 Address : 0bf1a95ccbcc28659090df5dd37f68ab78260acc
2017-10-29 08:26:39 Address : 0bf1a95ccbcc28659090df5dd37f68ab78260acc
2017-10-29 08:26:39 Address : 0bf1a95ccbcc28659090df5dd37f68ab78260acc
2017-10-29 08:26:39 Address : 0bf1a95ccbcc28659090df5dd37f68ab78260acc
2017-10-29 08:26:39 Address : 0bf1a95ccbcc28659090df5dd37f68ab78260acc
2017-10-29 08:26:39 Address : 0bf1a95ccbcc28659090df5dd37f68ab78260acc
2017-10-29 08:26:39 Address : 0bf1a95ccbcc28659090df5dd37f68ab78260acc
2017-10-29 08:26:39 Address : 0bf1a95ccbcc28659090df5dd37f68ab78260acc
2017-10-29 08:26:39 Address : 0bf1a95ccbcc28659090df5dd37f68ab78260acc
2017-10-29 08:26:39 Address : 0bf1a95ccbcc28659090df5dd37f68ab78260acc
2017-10-29 08:26:39 Address : 0bf1a95ccbcc28659090df5dd37f68ab78260acc
2017-10-29 08:26:39 Address : 0bf1a95ccbcc28659090df5dd37f68ab78260acc
2017-10-29 08:26:39   ✘  08:26:39.223|  VM exception: BadInstruction
2017-10-29 08:26:39 Address : 0bf1a95ccbcc28659090df5dd37f68ab78260acc
2017-10-29 08:26:39 Address : 0bf1a95ccbcc28659090df5dd37f68ab78260acc
2017-10-29 08:26:39   ✘  08:26:39.251|  VM exception: BadInstruction
2017-10-29 08:26:39 Address : 0bf1a95ccbcc28659090df5dd37f68ab78260acc
2017-10-29 08:26:39 Address : 0bf1a95ccbcc28659090df5dd37f68ab78260acc
2017-10-29 08:26:39   ✘  08:26:39.258|  VM exception: BadInstruction
2017-10-29 08:26:39 Address : 0bf1a95ccbcc28659090df5dd37f68ab78260acc
2017-10-29 08:26:39   ✘  08:26:39.387|  VM exception: BadInstruction
2017-10-29 08:26:39 Address : 0bf1a95ccbcc28659090df5dd37f68ab78260acc
2017-10-29 08:26:39   ✘  08:26:39.399|  VM exception: BadInstruction
2017-10-29 08:26:39 Address : 0bf1a95ccbcc28659090df5dd37f68ab78260acc
2017-10-29 08:26:39 Address : 0bf1a95ccbcc28659090df5dd37f68ab78260acc
2017-10-29 08:26:39   ✘  08:26:39.416|  VM exception: BadInstruction
2017-10-29 08:26:39 Address : 0bf1a95ccbcc28659090df5dd37f68ab78260acc
2017-10-29 08:26:39 Address : 0bf1a95ccbcc28659090df5dd37f68ab78260acc
2017-10-29 08:26:39 Address : 0bf1a95ccbcc28659090df5dd37f68ab78260acc
2017-10-29 08:26:39   ✘  08:26:39.513|  VM exception: BadInstruction
2017-10-29 08:26:39 Address : 0bf1a95ccbcc28659090df5dd37f68ab78260acc
2017-10-29 08:26:39   ✘  08:26:39.552|  VM exception: BadInstruction
2017-10-29 08:26:39 Address : 0bf1a95ccbcc28659090df5dd37f68ab78260acc
2017-10-29 08:26:39   ✘  08:26:39.559|  VM exception: BadInstruction
2017-10-29 08:26:39 Address : 0bf1a95ccbcc28659090df5dd37f68ab78260acc
2017-10-29 08:26:39 Address : 0bf1a95ccbcc28659090df5dd37f68ab78260acc
2017-10-29 08:26:39 Address : 0bf1a95ccbcc28659090df5dd37f68ab78260acc
2017-10-29 08:26:39   ✘  08:26:39.580|  VM exception: BadInstruction
2017-10-29 08:26:39 Address : 0bf1a95ccbcc28659090df5dd37f68ab78260acc
2017-10-29 08:26:39   ✘  08:26:39.602|  VM exception: BadInstruction
2017-10-29 08:26:39 Address : 0bf1a95ccbcc28659090df5dd37f68ab78260acc
2017-10-29 08:26:39   ✘  08:26:39.613|  VM exception: BadInstruction
2017-10-29 08:26:39 Address : 0bf1a95ccbcc28659090df5dd37f68ab78260acc
2017-10-29 08:26:39   ✘  08:26:39.619|  VM exception: BadInstruction
2017-10-29 08:26:39 Address : 18269b22bbe35e62c943340dadd2da0bebf14c62
2017-10-29 08:26:39   ✘  08:26:39.621|  VM exception: BadInstruction
2017-10-29 08:26:39 Address : 0bf1a95ccbcc28659090df5dd37f68ab78260acc
2017-10-29 08:26:39   ✘  08:26:39.651|  VM exception: BadInstruction
2017-10-29 08:26:39 Address : 0bf1a95ccbcc28659090df5dd37f68ab78260acc
2017-10-29 08:26:39   ✘  08:26:39.670|  VM exception: BadInstruction
2017-10-29 08:26:39 Address : 0bf1a95ccbcc28659090df5dd37f68ab78260acc
2017-10-29 08:26:39   ✘  08:26:39.700|  VM exception: BadInstruction
2017-10-29 08:26:39 Address : 0bf1a95ccbcc28659090df5dd37f68ab78260acc
2017-10-29 08:26:39   ✘  08:26:39.719|  VM exception: BadInstruction
2017-10-29 08:26:39 Address : 18269b22bbe35e62c943340dadd2da0bebf14c62
2017-10-29 08:26:39   ✘  08:26:39.726|  VM exception: BadInstruction
2017-10-29 08:26:39 Address : 0bf1a95ccbcc28659090df5dd37f68ab78260acc
2017-10-29 08:26:39   ✘  08:26:39.743|  VM exception: BadInstruction
2017-10-29 08:26:39 Address : 0bf1a95ccbcc28659090df5dd37f68ab78260acc
2017-10-29 08:26:39   ✘  08:26:39.759|  VM exception: BadInstruction
2017-10-29 08:26:39 Address : 0bf1a95ccbcc28659090df5dd37f68ab78260acc
2017-10-29 08:26:39   ✘  08:26:39.773|  VM exception: BadInstruction
2017-10-29 08:26:39 Address : 18269b22bbe35e62c943340dadd2da0bebf14c62
2017-10-29 08:26:39 Address : 0bf1a95ccbcc28659090df5dd37f68ab78260acc
2017-10-29 08:26:39 Address : 0bf1a95ccbcc28659090df5dd37f68ab78260acc
2017-10-29 08:26:39 Address : 0bf1a95ccbcc28659090df5dd37f68ab78260acc
2017-10-29 08:26:39 Address : 0bf1a95ccbcc28659090df5dd37f68ab78260acc
2017-10-29 08:26:40 Address : 0bf1a95ccbcc28659090df5dd37f68ab78260acc
2017-10-29 08:26:40   ✘  08:26:40.126|  VM exception: BadInstruction
2017-10-29 08:26:40 Address : 0bf1a95ccbcc28659090df5dd37f68ab78260acc
2017-10-29 08:26:40 Address : 0bf1a95ccbcc28659090df5dd37f68ab78260acc
2017-10-29 08:26:40   ✘  08:26:40.573|  VM exception: BadInstruction
2017-10-29 08:26:40 Address : 0bf1a95ccbcc28659090df5dd37f68ab78260acc
2017-10-29 08:26:40   ✘  08:26:40.594|  VM exception: BadInstruction
2017-10-29 08:26:40 Address : 0bf1a95ccbcc28659090df5dd37f68ab78260acc
2017-10-29 08:26:40   ✘  08:26:40.651|  VM exception: BadInstruction
2017-10-29 08:26:40 Address : 0bf1a95ccbcc28659090df5dd37f68ab78260acc
2017-10-29 08:26:40 Address : 0bf1a95ccbcc28659090df5dd37f68ab78260acc
2017-10-29 08:26:40   ✘  08:26:40.934|  VM exception: BadInstruction
2017-10-29 08:26:40 Address : 0bf1a95ccbcc28659090df5dd37f68ab78260acc
2017-10-29 08:26:40 Address : 0bf1a95ccbcc28659090df5dd37f68ab78260acc
2017-10-29 08:26:40 Address : 9d3d4cc1986d81f9109f2b091b7732e7d9bcf63b
2017-10-29 08:26:40   ✘  08:26:40.969|  VM exception: BadInstruction
2017-10-29 08:26:40 Address : 0bf1a95ccbcc28659090df5dd37f68ab78260acc
2017-10-29 08:26:40   ✘  08:26:40.976|  VM exception: BadInstruction
2017-10-29 08:26:40 Address : 0bf1a95ccbcc28659090df5dd37f68ab78260acc
2017-10-29 08:26:40 Address : 9d3d4cc1986d81f9109f2b091b7732e7d9bcf63b
2017-10-29 08:26:40 Address : 9d3d4cc1986d81f9109f2b091b7732e7d9bcf63b
2017-10-29 08:26:40   ✘  08:26:40.996|  VM exception: BadInstruction
2017-10-29 08:26:41 Address : 0bf1a95ccbcc28659090df5dd37f68ab78260acc
2017-10-29 08:26:41 Address : 9d3d4cc1986d81f9109f2b091b7732e7d9bcf63b
2017-10-29 08:26:41 Address : 9d3d4cc1986d81f9109f2b091b7732e7d9bcf63b
2017-10-29 08:26:41 Address : 9d3d4cc1986d81f9109f2b091b7732e7d9bcf63b
2017-10-29 08:26:41 Address : 9d3d4cc1986d81f9109f2b091b7732e7d9bcf63b
2017-10-29 08:26:41 Address : 9d3d4cc1986d81f9109f2b091b7732e7d9bcf63b
2017-10-29 08:26:41 Address : 9d3d4cc1986d81f9109f2b091b7732e7d9bcf63b
2017-10-29 08:26:41 Address : 0bf1a95ccbcc28659090df5dd37f68ab78260acc
2017-10-29 08:26:41 Address : 9d3d4cc1986d81f9109f2b091b7732e7d9bcf63b
2017-10-29 08:26:41 Address : 0bf1a95ccbcc28659090df5dd37f68ab78260acc
2017-10-29 08:26:41 Address : 9d3d4cc1986d81f9109f2b091b7732e7d9bcf63b
2017-10-29 08:26:41 Address : 9d3d4cc1986d81f9109f2b091b7732e7d9bcf63b
2017-10-29 08:26:41 Address : 0bf1a95ccbcc28659090df5dd37f68ab78260acc
2017-10-29 08:26:41 Address : 0bf1a95ccbcc28659090df5dd37f68ab78260acc
2017-10-29 08:26:41 Address : 9d3d4cc1986d81f9109f2b091b7732e7d9bcf63b
2017-10-29 08:26:41 Address : 9d3d4cc1986d81f9109f2b091b7732e7d9bcf63b
2017-10-29 08:26:41 Address : 0bf1a95ccbcc28659090df5dd37f68ab78260acc
2017-10-29 08:26:41 Address : 9d3d4cc1986d81f9109f2b091b7732e7d9bcf63b
2017-10-29 08:26:41 Address : 9d3d4cc1986d81f9109f2b091b7732e7d9bcf63b
2017-10-29 08:26:41 Address : 9d3d4cc1986d81f9109f2b091b7732e7d9bcf63b
2017-10-29 08:26:41 Address : 9d3d4cc1986d81f9109f2b091b7732e7d9bcf63b
2017-10-29 08:26:41 Address : 9d3d4cc1986d81f9109f2b091b7732e7d9bcf63b
2017-10-29 08:26:41 Address : 0bf1a95ccbcc28659090df5dd37f68ab78260acc
2017-10-29 08:26:41   ✘  08:26:41.159|  VM exception: BadInstruction
2017-10-29 08:26:41 Address : 0bf1a95ccbcc28659090df5dd37f68ab78260acc
2017-10-29 08:26:41 Address : 9d3d4cc1986d81f9109f2b091b7732e7d9bcf63b
2017-10-29 08:26:41 Address : 9d3d4cc1986d81f9109f2b091b7732e7d9bcf63b
2017-10-29 08:26:41 Address : 9d3d4cc1986d81f9109f2b091b7732e7d9bcf63b
2017-10-29 08:26:41 Address : 0bf1a95ccbcc28659090df5dd37f68ab78260acc
2017-10-29 08:26:41 Address : 9d3d4cc1986d81f9109f2b091b7732e7d9bcf63b
2017-10-29 08:26:41 Address : 9d3d4cc1986d81f9109f2b091b7732e7d9bcf63b
2017-10-29 08:26:41 Address : 9d3d4cc1986d81f9109f2b091b7732e7d9bcf63b
2017-10-29 08:26:41 Address : 9d3d4cc1986d81f9109f2b091b7732e7d9bcf63b
2017-10-29 08:26:41   ✘  08:26:41.594|  VM exception: BadInstruction
2017-10-29 08:26:41 Address : 9d3d4cc1986d81f9109f2b091b7732e7d9bcf63b
2017-10-29 08:26:41   ✘  08:26:41.613|  VM exception: BadInstruction
2017-10-29 08:26:41 Address : 9d3d4cc1986d81f9109f2b091b7732e7d9bcf63b
2017-10-29 08:26:41 Address : 9d3d4cc1986d81f9109f2b091b7732e7d9bcf63b
2017-10-29 08:26:41 Address : 9d3d4cc1986d81f9109f2b091b7732e7d9bcf63b
2017-10-29 08:26:41   ✘  08:26:41.957|  VM exception: BadInstruction
2017-10-29 08:26:41 Address : 0bf1a95ccbcc28659090df5dd37f68ab78260acc
2017-10-29 08:26:41   ✘  08:26:41.965|  VM exception: BadInstruction
2017-10-29 08:26:41 Address : 0bf1a95ccbcc28659090df5dd37f68ab78260acc
2017-10-29 08:26:42 Address : 9d3d4cc1986d81f9109f2b091b7732e7d9bcf63b
2017-10-29 08:26:42 Address : 0bf1a95ccbcc28659090df5dd37f68ab78260acc
2017-10-29 08:26:42 Address : 0bf1a95ccbcc28659090df5dd37f68ab78260acc
2017-10-29 08:26:42 Address : 0bf1a95ccbcc28659090df5dd37f68ab78260acc
2017-10-29 08:26:42 Address : 0bf1a95ccbcc28659090df5dd37f68ab78260acc
2017-10-29 08:26:42 Address : 0bf1a95ccbcc28659090df5dd37f68ab78260acc
2017-10-29 08:26:43 Address : 9d3d4cc1986d81f9109f2b091b7732e7d9bcf63b
2017-10-29 08:26:43 Address : 0bf1a95ccbcc28659090df5dd37f68ab78260acc
2017-10-29 08:26:43 Address : 9d3d4cc1986d81f9109f2b091b7732e7d9bcf63b
2017-10-29 08:26:43 Address : 0bf1a95ccbcc28659090df5dd37f68ab78260acc
2017-10-29 08:26:43 Address : 0bf1a95ccbcc28659090df5dd37f68ab78260acc
2017-10-29 08:26:43 Address : 0bf1a95ccbcc28659090df5dd37f68ab78260acc
2017-10-29 08:26:44 Address : 0bf1a95ccbcc28659090df5dd37f68ab78260acc
2017-10-29 08:26:44   ✘  08:26:44.195|  VM exception: BadInstruction
2017-10-29 08:26:44 Address : 0bf1a95ccbcc28659090df5dd37f68ab78260acc
2017-10-29 08:26:44 Address : 0bf1a95ccbcc28659090df5dd37f68ab78260acc
2017-10-29 08:26:44   ✘  08:26:44.211|  VM exception: BadInstruction
2017-10-29 08:26:44 Address : 0bf1a95ccbcc28659090df5dd37f68ab78260acc
2017-10-29 08:26:44   ✘  08:26:44.228|  VM exception: BadInstruction
2017-10-29 08:26:44 Address : 0bf1a95ccbcc28659090df5dd37f68ab78260acc
2017-10-29 08:26:44 Address : 9d3d4cc1986d81f9109f2b091b7732e7d9bcf63b
2017-10-29 08:26:44 Address : 0bf1a95ccbcc28659090df5dd37f68ab78260acc
2017-10-29 08:26:44   ✘  08:26:44.283|  VM exception: BadInstruction
2017-10-29 08:26:44 Address : 0bf1a95ccbcc28659090df5dd37f68ab78260acc
2017-10-29 08:26:44 Address : 9d3d4cc1986d81f9109f2b091b7732e7d9bcf63b
2017-10-29 08:26:44 Address : 9d3d4cc1986d81f9109f2b091b7732e7d9bcf63b
2017-10-29 08:26:44   ✘  08:26:44.339|  VM exception: BadInstruction
2017-10-29 08:26:44 Address : 0bf1a95ccbcc28659090df5dd37f68ab78260acc
2017-10-29 08:26:44 Address : f13f51550faaf698d09fdcc74d79335bfe19e062
2017-10-29 08:26:44 Address : 9d3d4cc1986d81f9109f2b091b7732e7d9bcf63b
2017-10-29 08:26:44 Address : 35e03a4a83f82c834ae647e3955de5c7fc150241
2017-10-29 08:26:44 Address : 0bf1a95ccbcc28659090df5dd37f68ab78260acc
